{"C:\\Users\\Ruchi\\Desktop\\EisenVault-Lite\\src\\index.js": {"path":"C:\\Users\\Ruchi\\Desktop\\EisenVault-Lite\\src\\index.js","statementMap":{"0":{"start":{"line":6,"column":20},"end":{"line":6,"column":51}},"1":{"start":{"line":7,"column":0},"end":{"line":10,"column":2}}},"fnMap":{},"branchMap":{},"s":{"0":0,"1":0},"f":{},"b":{},"hash":"076fae14befdfa6cb0a6f6f68b79a72c066a651b"}
,"C:\\Users\\Ruchi\\Desktop\\EisenVault-Lite\\src\\Components\\Avtar\\Avtar.js": {"path":"C:\\Users\\Ruchi\\Desktop\\EisenVault-Lite\\src\\Components\\Avtar\\Avtar.js","statementMap":{"0":{"start":{"line":12,"column":19},"end":{"line":29,"column":1}},"1":{"start":{"line":13,"column":50},"end":{"line":13,"column":64}},"2":{"start":{"line":16,"column":4},"end":{"line":18,"column":10}},"3":{"start":{"line":17,"column":8},"end":{"line":17,"column":66}},"4":{"start":{"line":20,"column":4},"end":{"line":28,"column":5}}},"fnMap":{"0":{"name":"(anonymous_0)","decl":{"start":{"line":12,"column":19},"end":{"line":12,"column":20}},"loc":{"start":{"line":12,"column":25},"end":{"line":29,"column":1}},"line":12},"1":{"name":"(anonymous_1)","decl":{"start":{"line":16,"column":14},"end":{"line":16,"column":15}},"loc":{"start":{"line":16,"column":20},"end":{"line":18,"column":5}},"line":16}},"branchMap":{"0":{"loc":{"start":{"line":17,"column":28},"end":{"line":17,"column":64}},"type":"cond-expr","locations":[{"start":{"line":17,"column":40},"end":{"line":17,"column":59}},{"start":{"line":17,"column":62},"end":{"line":17,"column":64}}],"line":17}},"s":{"0":6,"1":10,"2":10,"3":3,"4":10},"f":{"0":10,"1":3},"b":{"0":[0,3]},"_coverageSchema":"43e27e138ebf9cfc5966b082cf9a028302ed4184","hash":"3ba2d144181e90a170933ca60fac2242ad1393dc"}
,"C:\\Users\\Ruchi\\Desktop\\EisenVault-Lite\\src\\Components\\Backdrop\\Backdrop.js": {"path":"C:\\Users\\Ruchi\\Desktop\\EisenVault-Lite\\src\\Components\\Backdrop\\Backdrop.js","statementMap":{"0":{"start":{"line":16,"column":15},"end":{"line":20,"column":1}},"1":{"start":{"line":17,"column":3},"end":{"line":19,"column":7}}},"fnMap":{"0":{"name":"(anonymous_0)","decl":{"start":{"line":16,"column":15},"end":{"line":16,"column":16}},"loc":{"start":{"line":17,"column":3},"end":{"line":19,"column":7}},"line":17}},"branchMap":{"0":{"loc":{"start":{"line":17,"column":3},"end":{"line":19,"column":7}},"type":"cond-expr","locations":[{"start":{"line":18,"column":3},"end":{"line":18,"column":52}},{"start":{"line":19,"column":3},"end":{"line":19,"column":7}}],"line":17}},"s":{"0":4,"1":1},"f":{"0":1},"b":{"0":[1,0]},"_coverageSchema":"43e27e138ebf9cfc5966b082cf9a028302ed4184","hash":"3ba9d351a503e5041af36773e364eace99115b1c"}
,"C:\\Users\\Ruchi\\Desktop\\EisenVault-Lite\\src\\Components\\ChangePassword\\ChangePassword.js": {"path":"C:\\Users\\Ruchi\\Desktop\\EisenVault-Lite\\src\\Components\\ChangePassword\\ChangePassword.js","statementMap":{"0":{"start":{"line":21,"column":17},"end":{"line":21,"column":26}},"1":{"start":{"line":22,"column":24},"end":{"line":22,"column":41}},"2":{"start":{"line":23,"column":24},"end":{"line":23,"column":41}},"3":{"start":{"line":24,"column":28},"end":{"line":24,"column":44}},"4":{"start":{"line":33,"column":4},"end":{"line":59,"column":5}},"5":{"start":{"line":34,"column":8},"end":{"line":55,"column":9}},"6":{"start":{"line":44,"column":12},"end":{"line":44,"column":33}},"7":{"start":{"line":45,"column":12},"end":{"line":48,"column":17}},"8":{"start":{"line":47,"column":31},"end":{"line":47,"column":58}},"9":{"start":{"line":50,"column":12},"end":{"line":52,"column":15}},"10":{"start":{"line":51,"column":16},"end":{"line":51,"column":73}},"11":{"start":{"line":53,"column":12},"end":{"line":53,"column":30}},"12":{"start":{"line":58,"column":8},"end":{"line":58,"column":41}},"13":{"start":{"line":63,"column":0},"end":{"line":100,"column":2}},"14":{"start":{"line":109,"column":21},"end":{"line":119,"column":3}},"15":{"start":{"line":110,"column":30},"end":{"line":110,"column":52}},"16":{"start":{"line":112,"column":25},"end":{"line":114,"column":5}},"17":{"start":{"line":113,"column":6},"end":{"line":113,"column":31}},"18":{"start":{"line":115,"column":4},"end":{"line":118,"column":5}}},"fnMap":{"0":{"name":"ChangePassword","decl":{"start":{"line":20,"column":9},"end":{"line":20,"column":23}},"loc":{"start":{"line":20,"column":25},"end":{"line":101,"column":1}},"line":20},"1":{"name":"handlechangePassword","decl":{"start":{"line":31,"column":9},"end":{"line":31,"column":29}},"loc":{"start":{"line":31,"column":31},"end":{"line":61,"column":1}},"line":31},"2":{"name":"(anonymous_2)","decl":{"start":{"line":43,"column":16},"end":{"line":43,"column":17}},"loc":{"start":{"line":43,"column":28},"end":{"line":49,"column":9}},"line":43},"3":{"name":"(anonymous_3)","decl":{"start":{"line":47,"column":24},"end":{"line":47,"column":25}},"loc":{"start":{"line":47,"column":30},"end":{"line":47,"column":59}},"line":47},"4":{"name":"(anonymous_4)","decl":{"start":{"line":49,"column":17},"end":{"line":49,"column":18}},"loc":{"start":{"line":49,"column":26},"end":{"line":54,"column":9}},"line":49},"5":{"name":"(anonymous_5)","decl":{"start":{"line":109,"column":21},"end":{"line":109,"column":22}},"loc":{"start":{"line":109,"column":37},"end":{"line":119,"column":3}},"line":109},"6":{"name":"(anonymous_6)","decl":{"start":{"line":112,"column":25},"end":{"line":112,"column":26}},"loc":{"start":{"line":112,"column":30},"end":{"line":114,"column":5}},"line":112}},"branchMap":{"0":{"loc":{"start":{"line":33,"column":4},"end":{"line":59,"column":5}},"type":"if","locations":[{"start":{"line":33,"column":4},"end":{"line":59,"column":5}},{"start":{"line":33,"column":4},"end":{"line":59,"column":5}}],"line":33},"1":{"loc":{"start":{"line":50,"column":12},"end":{"line":52,"column":15}},"type":"if","locations":[{"start":{"line":50,"column":12},"end":{"line":52,"column":15}},{"start":{"line":50,"column":12},"end":{"line":52,"column":15}}],"line":50}},"s":{"0":5,"1":5,"2":5,"3":5,"4":2,"5":1,"6":0,"7":0,"8":0,"9":0,"10":0,"11":0,"12":1,"13":5,"14":1,"15":15,"16":15,"17":6,"18":15},"f":{"0":5,"1":2,"2":0,"3":0,"4":0,"5":15,"6":6},"b":{"0":[1,1],"1":[0,0]},"_coverageSchema":"43e27e138ebf9cfc5966b082cf9a028302ed4184","hash":"4ff0ed977d58e9fa58a562bedd4df5c7e9290e5d"}
,"C:\\Users\\Ruchi\\Desktop\\EisenVault-Lite\\src\\Components\\Dashboard\\Dashboard.js": {"path":"C:\\Users\\Ruchi\\Desktop\\EisenVault-Lite\\src\\Components\\Dashboard\\Dashboard.js","statementMap":{"0":{"start":{"line":23,"column":18},"end":{"line":190,"column":1}},"1":{"start":{"line":24,"column":17},"end":{"line":24,"column":26}},"2":{"start":{"line":25,"column":16},"end":{"line":25,"column":28}},"3":{"start":{"line":29,"column":39},"end":{"line":29,"column":51}},"4":{"start":{"line":30,"column":40},"end":{"line":30,"column":52}},"5":{"start":{"line":31,"column":52},"end":{"line":31,"column":64}},"6":{"start":{"line":32,"column":38},"end":{"line":32,"column":50}},"7":{"start":{"line":33,"column":36},"end":{"line":33,"column":48}},"8":{"start":{"line":36,"column":2},"end":{"line":48,"column":9}},"9":{"start":{"line":37,"column":4},"end":{"line":47,"column":5}},"10":{"start":{"line":42,"column":6},"end":{"line":42,"column":46}},"11":{"start":{"line":43,"column":6},"end":{"line":43,"column":62}},"12":{"start":{"line":44,"column":6},"end":{"line":44,"column":64}},"13":{"start":{"line":45,"column":6},"end":{"line":45,"column":62}},"14":{"start":{"line":51,"column":25},"end":{"line":51,"column":34}},"15":{"start":{"line":52,"column":4},"end":{"line":63,"column":6}},"16":{"start":{"line":54,"column":6},"end":{"line":63,"column":5}},"17":{"start":{"line":55,"column":7},"end":{"line":59,"column":48}},"18":{"start":{"line":57,"column":10},"end":{"line":57,"column":44}},"19":{"start":{"line":59,"column":10},"end":{"line":59,"column":47}},"20":{"start":{"line":62,"column":6},"end":{"line":62,"column":42}},"21":{"start":{"line":64,"column":4},"end":{"line":64,"column":58}},"22":{"start":{"line":65,"column":4},"end":{"line":79,"column":8}},"23":{"start":{"line":69,"column":7},"end":{"line":69,"column":47}},"24":{"start":{"line":70,"column":7},"end":{"line":70,"column":63}},"25":{"start":{"line":71,"column":5},"end":{"line":77,"column":6}},"26":{"start":{"line":72,"column":6},"end":{"line":72,"column":64}},"27":{"start":{"line":73,"column":6},"end":{"line":73,"column":56}},"28":{"start":{"line":76,"column":6},"end":{"line":76,"column":55}},"29":{"start":{"line":78,"column":7},"end":{"line":78,"column":36}},"30":{"start":{"line":83,"column":25},"end":{"line":83,"column":34}},"31":{"start":{"line":84,"column":4},"end":{"line":90,"column":5}},"32":{"start":{"line":85,"column":6},"end":{"line":89,"column":43}},"33":{"start":{"line":86,"column":8},"end":{"line":86,"column":45}},"34":{"start":{"line":89,"column":5},"end":{"line":89,"column":42}},"35":{"start":{"line":91,"column":4},"end":{"line":91,"column":54}},"36":{"start":{"line":92,"column":4},"end":{"line":107,"column":9}},"37":{"start":{"line":96,"column":8},"end":{"line":96,"column":48}},"38":{"start":{"line":97,"column":8},"end":{"line":97,"column":64}},"39":{"start":{"line":98,"column":8},"end":{"line":105,"column":9}},"40":{"start":{"line":100,"column":10},"end":{"line":100,"column":68}},"41":{"start":{"line":101,"column":10},"end":{"line":101,"column":64}},"42":{"start":{"line":104,"column":10},"end":{"line":104,"column":63}},"43":{"start":{"line":106,"column":8},"end":{"line":106,"column":40}},"44":{"start":{"line":115,"column":4},"end":{"line":115,"column":52}},"45":{"start":{"line":121,"column":24},"end":{"line":122,"column":58}},"46":{"start":{"line":124,"column":2},"end":{"line":189,"column":3}},"47":{"start":{"line":145,"column":12},"end":{"line":175,"column":26}},"48":{"start":{"line":170,"column":43},"end":{"line":172,"column":68}}},"fnMap":{"0":{"name":"(anonymous_0)","decl":{"start":{"line":23,"column":18},"end":{"line":23,"column":19}},"loc":{"start":{"line":23,"column":24},"end":{"line":190,"column":1}},"line":23},"1":{"name":"(anonymous_1)","decl":{"start":{"line":36,"column":12},"end":{"line":36,"column":13}},"loc":{"start":{"line":36,"column":18},"end":{"line":48,"column":3}},"line":36},"2":{"name":"(anonymous_2)","decl":{"start":{"line":41,"column":13},"end":{"line":41,"column":14}},"loc":{"start":{"line":41,"column":27},"end":{"line":46,"column":5}},"line":41},"3":{"name":"next","decl":{"start":{"line":50,"column":11},"end":{"line":50,"column":15}},"loc":{"start":{"line":50,"column":17},"end":{"line":80,"column":4}},"line":50},"4":{"name":"(anonymous_4)","decl":{"start":{"line":68,"column":14},"end":{"line":68,"column":15}},"loc":{"start":{"line":68,"column":28},"end":{"line":79,"column":6}},"line":68},"5":{"name":"previous","decl":{"start":{"line":82,"column":11},"end":{"line":82,"column":19}},"loc":{"start":{"line":82,"column":21},"end":{"line":108,"column":4}},"line":82},"6":{"name":"(anonymous_6)","decl":{"start":{"line":95,"column":15},"end":{"line":95,"column":16}},"loc":{"start":{"line":95,"column":29},"end":{"line":107,"column":7}},"line":95},"7":{"name":"handleDocument","decl":{"start":{"line":114,"column":11},"end":{"line":114,"column":25}},"loc":{"start":{"line":114,"column":35},"end":{"line":116,"column":3}},"line":114},"8":{"name":"(anonymous_8)","decl":{"start":{"line":144,"column":27},"end":{"line":144,"column":28}},"loc":{"start":{"line":145,"column":12},"end":{"line":175,"column":26}},"line":145},"9":{"name":"(anonymous_9)","decl":{"start":{"line":170,"column":37},"end":{"line":170,"column":38}},"loc":{"start":{"line":170,"column":43},"end":{"line":172,"column":68}},"line":170}},"branchMap":{"0":{"loc":{"start":{"line":52,"column":4},"end":{"line":63,"column":6}},"type":"if","locations":[{"start":{"line":52,"column":4},"end":{"line":63,"column":6}},{"start":{"line":52,"column":4},"end":{"line":63,"column":6}}],"line":52},"1":{"loc":{"start":{"line":54,"column":6},"end":{"line":63,"column":5}},"type":"if","locations":[{"start":{"line":54,"column":6},"end":{"line":63,"column":5}},{"start":{"line":54,"column":6},"end":{"line":63,"column":5}}],"line":54},"2":{"loc":{"start":{"line":55,"column":7},"end":{"line":59,"column":48}},"type":"if","locations":[{"start":{"line":55,"column":7},"end":{"line":59,"column":48}},{"start":{"line":55,"column":7},"end":{"line":59,"column":48}}],"line":55},"3":{"loc":{"start":{"line":71,"column":5},"end":{"line":77,"column":6}},"type":"if","locations":[{"start":{"line":71,"column":5},"end":{"line":77,"column":6}},{"start":{"line":71,"column":5},"end":{"line":77,"column":6}}],"line":71},"4":{"loc":{"start":{"line":84,"column":4},"end":{"line":90,"column":5}},"type":"if","locations":[{"start":{"line":84,"column":4},"end":{"line":90,"column":5}},{"start":{"line":84,"column":4},"end":{"line":90,"column":5}}],"line":84},"5":{"loc":{"start":{"line":85,"column":6},"end":{"line":89,"column":43}},"type":"if","locations":[{"start":{"line":85,"column":6},"end":{"line":89,"column":43}},{"start":{"line":85,"column":6},"end":{"line":89,"column":43}}],"line":85},"6":{"loc":{"start":{"line":98,"column":8},"end":{"line":105,"column":9}},"type":"if","locations":[{"start":{"line":98,"column":8},"end":{"line":105,"column":9}},{"start":{"line":98,"column":8},"end":{"line":105,"column":9}}],"line":98},"7":{"loc":{"start":{"line":168,"column":29},"end":{"line":173,"column":69}},"type":"cond-expr","locations":[{"start":{"line":169,"column":28},"end":{"line":169,"column":30}},{"start":{"line":169,"column":31},"end":{"line":173,"column":69}}],"line":168}},"s":{"0":1,"1":1,"2":1,"3":1,"4":1,"5":1,"6":1,"7":1,"8":1,"9":1,"10":0,"11":0,"12":0,"13":0,"14":0,"15":0,"16":0,"17":0,"18":0,"19":0,"20":0,"21":0,"22":0,"23":0,"24":0,"25":0,"26":0,"27":0,"28":0,"29":0,"30":0,"31":0,"32":0,"33":0,"34":0,"35":0,"36":0,"37":0,"38":0,"39":0,"40":0,"41":0,"42":0,"43":0,"44":0,"45":1,"46":1,"47":0,"48":0},"f":{"0":1,"1":1,"2":0,"3":0,"4":0,"5":0,"6":0,"7":0,"8":0,"9":0},"b":{"0":[0,0],"1":[0,0],"2":[0,0],"3":[0,0],"4":[0,0],"5":[0,0],"6":[0,0],"7":[0,0]},"_coverageSchema":"43e27e138ebf9cfc5966b082cf9a028302ed4184","hash":"50fddaa3725951bb3e15c0670e5f406c50824e05"}
,"C:\\Users\\Ruchi\\Desktop\\EisenVault-Lite\\src\\Components\\Documents\\DocumentList.js": {"path":"C:\\Users\\Ruchi\\Desktop\\EisenVault-Lite\\src\\Components\\Documents\\DocumentList.js","statementMap":{"0":{"start":{"line":25,"column":22},"end":{"line":272,"column":9}},"1":{"start":{"line":27,"column":15},"end":{"line":27,"column":24}},"2":{"start":{"line":28,"column":16},"end":{"line":28,"column":28}},"3":{"start":{"line":30,"column":43},"end":{"line":30,"column":61}},"4":{"start":{"line":31,"column":52},"end":{"line":31,"column":73}},"5":{"start":{"line":32,"column":52},"end":{"line":32,"column":64}},"6":{"start":{"line":33,"column":62},"end":{"line":33,"column":74}},"7":{"start":{"line":34,"column":39},"end":{"line":34,"column":51}},"8":{"start":{"line":35,"column":40},"end":{"line":35,"column":52}},"9":{"start":{"line":36,"column":35},"end":{"line":36,"column":47}},"10":{"start":{"line":37,"column":38},"end":{"line":37,"column":49}},"11":{"start":{"line":40,"column":4},"end":{"line":46,"column":5}},"12":{"start":{"line":42,"column":5},"end":{"line":42,"column":29}},"13":{"start":{"line":45,"column":6},"end":{"line":45,"column":33}},"14":{"start":{"line":49,"column":23},"end":{"line":69,"column":3}},"15":{"start":{"line":55,"column":4},"end":{"line":68,"column":5}},"16":{"start":{"line":61,"column":6},"end":{"line":61,"column":48}},"17":{"start":{"line":63,"column":6},"end":{"line":63,"column":61}},"18":{"start":{"line":64,"column":6},"end":{"line":64,"column":61}},"19":{"start":{"line":65,"column":6},"end":{"line":65,"column":62}},"20":{"start":{"line":66,"column":6},"end":{"line":66,"column":64}},"21":{"start":{"line":72,"column":2},"end":{"line":74,"column":15}},"22":{"start":{"line":73,"column":4},"end":{"line":73,"column":20}},"23":{"start":{"line":83,"column":2},"end":{"line":100,"column":8}},"24":{"start":{"line":90,"column":8},"end":{"line":90,"column":34}},"25":{"start":{"line":91,"column":8},"end":{"line":91,"column":48}},"26":{"start":{"line":92,"column":8},"end":{"line":97,"column":11}},"27":{"start":{"line":93,"column":10},"end":{"line":95,"column":16}},"28":{"start":{"line":99,"column":8},"end":{"line":99,"column":27}},"29":{"start":{"line":110,"column":2},"end":{"line":129,"column":3}},"30":{"start":{"line":117,"column":4},"end":{"line":117,"column":33}},"31":{"start":{"line":118,"column":4},"end":{"line":121,"column":7}},"32":{"start":{"line":120,"column":21},"end":{"line":120,"column":48}},"33":{"start":{"line":122,"column":4},"end":{"line":122,"column":20}},"34":{"start":{"line":123,"column":4},"end":{"line":123,"column":25}},"35":{"start":{"line":125,"column":4},"end":{"line":127,"column":5}},"36":{"start":{"line":126,"column":6},"end":{"line":126,"column":41}},"37":{"start":{"line":128,"column":4},"end":{"line":128,"column":22}},"38":{"start":{"line":138,"column":26},"end":{"line":138,"column":35}},"39":{"start":{"line":139,"column":4},"end":{"line":150,"column":12}},"40":{"start":{"line":141,"column":12},"end":{"line":150,"column":11}},"41":{"start":{"line":142,"column":12},"end":{"line":146,"column":54}},"42":{"start":{"line":144,"column":16},"end":{"line":144,"column":50}},"43":{"start":{"line":146,"column":16},"end":{"line":146,"column":53}},"44":{"start":{"line":149,"column":12},"end":{"line":149,"column":47}},"45":{"start":{"line":151,"column":8},"end":{"line":151,"column":62}},"46":{"start":{"line":152,"column":8},"end":{"line":167,"column":11}},"47":{"start":{"line":156,"column":10},"end":{"line":156,"column":52}},"48":{"start":{"line":157,"column":10},"end":{"line":157,"column":65}},"49":{"start":{"line":158,"column":10},"end":{"line":158,"column":66}},"50":{"start":{"line":159,"column":10},"end":{"line":165,"column":11}},"51":{"start":{"line":160,"column":12},"end":{"line":160,"column":70}},"52":{"start":{"line":161,"column":12},"end":{"line":161,"column":62}},"53":{"start":{"line":164,"column":12},"end":{"line":164,"column":61}},"54":{"start":{"line":166,"column":10},"end":{"line":166,"column":39}},"55":{"start":{"line":176,"column":27},"end":{"line":176,"column":36}},"56":{"start":{"line":177,"column":6},"end":{"line":184,"column":5}},"57":{"start":{"line":178,"column":8},"end":{"line":183,"column":44}},"58":{"start":{"line":180,"column":10},"end":{"line":180,"column":47}},"59":{"start":{"line":183,"column":6},"end":{"line":183,"column":43}},"60":{"start":{"line":185,"column":6},"end":{"line":185,"column":56}},"61":{"start":{"line":186,"column":6},"end":{"line":201,"column":11}},"62":{"start":{"line":190,"column":6},"end":{"line":190,"column":48}},"63":{"start":{"line":191,"column":6},"end":{"line":191,"column":61}},"64":{"start":{"line":192,"column":10},"end":{"line":192,"column":66}},"65":{"start":{"line":193,"column":10},"end":{"line":199,"column":11}},"66":{"start":{"line":194,"column":12},"end":{"line":194,"column":70}},"67":{"start":{"line":195,"column":12},"end":{"line":195,"column":66}},"68":{"start":{"line":198,"column":12},"end":{"line":198,"column":65}},"69":{"start":{"line":200,"column":10},"end":{"line":200,"column":42}},"70":{"start":{"line":205,"column":4},"end":{"line":271,"column":11}},"71":{"start":{"line":222,"column":22},"end":{"line":254,"column":34}},"72":{"start":{"line":229,"column":39},"end":{"line":229,"column":83}},"73":{"start":{"line":237,"column":47},"end":{"line":237,"column":74}},"74":{"start":{"line":239,"column":64},"end":{"line":239,"column":91}},"75":{"start":{"line":243,"column":43},"end":{"line":246,"column":94}},"76":{"start":{"line":245,"column":128},"end":{"line":245,"column":171}},"77":{"start":{"line":246,"column":55},"end":{"line":246,"column":84}}},"fnMap":{"0":{"name":"(anonymous_0)","decl":{"start":{"line":25,"column":22},"end":{"line":25,"column":23}},"loc":{"start":{"line":25,"column":28},"end":{"line":272,"column":9}},"line":25},"1":{"name":"(anonymous_1)","decl":{"start":{"line":49,"column":23},"end":{"line":49,"column":24}},"loc":{"start":{"line":49,"column":27},"end":{"line":69,"column":3}},"line":49},"2":{"name":"(anonymous_2)","decl":{"start":{"line":60,"column":17},"end":{"line":60,"column":18}},"loc":{"start":{"line":60,"column":31},"end":{"line":67,"column":5}},"line":60},"3":{"name":"(anonymous_3)","decl":{"start":{"line":72,"column":18},"end":{"line":72,"column":19}},"loc":{"start":{"line":72,"column":22},"end":{"line":74,"column":7}},"line":72},"4":{"name":"handleDocumentLibrary","decl":{"start":{"line":82,"column":9},"end":{"line":82,"column":30}},"loc":{"start":{"line":82,"column":35},"end":{"line":101,"column":1}},"line":82},"5":{"name":"(anonymous_5)","decl":{"start":{"line":89,"column":9},"end":{"line":89,"column":10}},"loc":{"start":{"line":89,"column":23},"end":{"line":98,"column":7}},"line":89},"6":{"name":"(anonymous_6)","decl":{"start":{"line":92,"column":39},"end":{"line":92,"column":40}},"loc":{"start":{"line":93,"column":10},"end":{"line":95,"column":16}},"line":93},"7":{"name":"(anonymous_7)","decl":{"start":{"line":98,"column":15},"end":{"line":98,"column":16}},"loc":{"start":{"line":98,"column":26},"end":{"line":100,"column":7}},"line":98},"8":{"name":"handleDeleteDepartment","decl":{"start":{"line":109,"column":9},"end":{"line":109,"column":31}},"loc":{"start":{"line":109,"column":35},"end":{"line":130,"column":1}},"line":109},"9":{"name":"(anonymous_9)","decl":{"start":{"line":116,"column":8},"end":{"line":116,"column":9}},"loc":{"start":{"line":116,"column":20},"end":{"line":124,"column":3}},"line":116},"10":{"name":"(anonymous_10)","decl":{"start":{"line":120,"column":14},"end":{"line":120,"column":15}},"loc":{"start":{"line":120,"column":20},"end":{"line":120,"column":49}},"line":120},"11":{"name":"(anonymous_11)","decl":{"start":{"line":124,"column":11},"end":{"line":124,"column":12}},"loc":{"start":{"line":124,"column":20},"end":{"line":129,"column":1}},"line":124},"12":{"name":"next","decl":{"start":{"line":137,"column":11},"end":{"line":137,"column":15}},"loc":{"start":{"line":137,"column":17},"end":{"line":168,"column":7}},"line":137},"13":{"name":"(anonymous_13)","decl":{"start":{"line":155,"column":17},"end":{"line":155,"column":18}},"loc":{"start":{"line":155,"column":31},"end":{"line":167,"column":9}},"line":155},"14":{"name":"previous","decl":{"start":{"line":175,"column":13},"end":{"line":175,"column":21}},"loc":{"start":{"line":175,"column":23},"end":{"line":202,"column":5}},"line":175},"15":{"name":"(anonymous_15)","decl":{"start":{"line":189,"column":15},"end":{"line":189,"column":16}},"loc":{"start":{"line":189,"column":29},"end":{"line":201,"column":9}},"line":189},"16":{"name":"(anonymous_16)","decl":{"start":{"line":221,"column":31},"end":{"line":221,"column":32}},"loc":{"start":{"line":222,"column":22},"end":{"line":254,"column":34}},"line":222},"17":{"name":"(anonymous_17)","decl":{"start":{"line":229,"column":33},"end":{"line":229,"column":34}},"loc":{"start":{"line":229,"column":39},"end":{"line":229,"column":83}},"line":229},"18":{"name":"(anonymous_18)","decl":{"start":{"line":237,"column":41},"end":{"line":237,"column":42}},"loc":{"start":{"line":237,"column":47},"end":{"line":237,"column":74}},"line":237},"19":{"name":"(anonymous_19)","decl":{"start":{"line":239,"column":58},"end":{"line":239,"column":59}},"loc":{"start":{"line":239,"column":64},"end":{"line":239,"column":91}},"line":239},"20":{"name":"(anonymous_20)","decl":{"start":{"line":243,"column":37},"end":{"line":243,"column":38}},"loc":{"start":{"line":243,"column":41},"end":{"line":247,"column":25}},"line":243},"21":{"name":"(anonymous_21)","decl":{"start":{"line":245,"column":121},"end":{"line":245,"column":122}},"loc":{"start":{"line":245,"column":127},"end":{"line":245,"column":172}},"line":245},"22":{"name":"(anonymous_22)","decl":{"start":{"line":246,"column":48},"end":{"line":246,"column":49}},"loc":{"start":{"line":246,"column":54},"end":{"line":246,"column":85}},"line":246}},"branchMap":{"0":{"loc":{"start":{"line":40,"column":4},"end":{"line":46,"column":5}},"type":"if","locations":[{"start":{"line":40,"column":4},"end":{"line":46,"column":5}},{"start":{"line":40,"column":4},"end":{"line":46,"column":5}}],"line":40},"1":{"loc":{"start":{"line":93,"column":10},"end":{"line":95,"column":16}},"type":"cond-expr","locations":[{"start":{"line":94,"column":10},"end":{"line":94,"column":49}},{"start":{"line":95,"column":12},"end":{"line":95,"column":16}}],"line":93},"2":{"loc":{"start":{"line":125,"column":4},"end":{"line":127,"column":5}},"type":"if","locations":[{"start":{"line":125,"column":4},"end":{"line":127,"column":5}},{"start":{"line":125,"column":4},"end":{"line":127,"column":5}}],"line":125},"3":{"loc":{"start":{"line":139,"column":4},"end":{"line":150,"column":12}},"type":"if","locations":[{"start":{"line":139,"column":4},"end":{"line":150,"column":12}},{"start":{"line":139,"column":4},"end":{"line":150,"column":12}}],"line":139},"4":{"loc":{"start":{"line":141,"column":12},"end":{"line":150,"column":11}},"type":"if","locations":[{"start":{"line":141,"column":12},"end":{"line":150,"column":11}},{"start":{"line":141,"column":12},"end":{"line":150,"column":11}}],"line":141},"5":{"loc":{"start":{"line":142,"column":12},"end":{"line":146,"column":54}},"type":"if","locations":[{"start":{"line":142,"column":12},"end":{"line":146,"column":54}},{"start":{"line":142,"column":12},"end":{"line":146,"column":54}}],"line":142},"6":{"loc":{"start":{"line":159,"column":10},"end":{"line":165,"column":11}},"type":"if","locations":[{"start":{"line":159,"column":10},"end":{"line":165,"column":11}},{"start":{"line":159,"column":10},"end":{"line":165,"column":11}}],"line":159},"7":{"loc":{"start":{"line":177,"column":6},"end":{"line":184,"column":5}},"type":"if","locations":[{"start":{"line":177,"column":6},"end":{"line":184,"column":5}},{"start":{"line":177,"column":6},"end":{"line":184,"column":5}}],"line":177},"8":{"loc":{"start":{"line":178,"column":8},"end":{"line":183,"column":44}},"type":"if","locations":[{"start":{"line":178,"column":8},"end":{"line":183,"column":44}},{"start":{"line":178,"column":8},"end":{"line":183,"column":44}}],"line":178},"9":{"loc":{"start":{"line":193,"column":10},"end":{"line":199,"column":11}},"type":"if","locations":[{"start":{"line":193,"column":10},"end":{"line":199,"column":11}},{"start":{"line":193,"column":10},"end":{"line":199,"column":11}}],"line":193},"10":{"loc":{"start":{"line":222,"column":22},"end":{"line":254,"column":34}},"type":"cond-expr","locations":[{"start":{"line":223,"column":22},"end":{"line":254,"column":27}},{"start":{"line":254,"column":30},"end":{"line":254,"column":34}}],"line":222},"11":{"loc":{"start":{"line":234,"column":28},"end":{"line":249,"column":32}},"type":"binary-expr","locations":[{"start":{"line":234,"column":28},"end":{"line":234,"column":44}},{"start":{"line":235,"column":26},"end":{"line":240,"column":36}},{"start":{"line":241,"column":26},"end":{"line":249,"column":32}}],"line":234}},"s":{"0":1,"1":13,"2":13,"3":13,"4":13,"5":13,"6":13,"7":13,"8":13,"9":13,"10":13,"11":13,"12":0,"13":13,"14":13,"15":13,"16":0,"17":0,"18":0,"19":0,"20":0,"21":13,"22":13,"23":1,"24":0,"25":0,"26":0,"27":0,"28":0,"29":0,"30":0,"31":0,"32":0,"33":0,"34":0,"35":0,"36":0,"37":0,"38":0,"39":0,"40":0,"41":0,"42":0,"43":0,"44":0,"45":0,"46":0,"47":0,"48":0,"49":0,"50":0,"51":0,"52":0,"53":0,"54":0,"55":0,"56":0,"57":0,"58":0,"59":0,"60":0,"61":0,"62":0,"63":0,"64":0,"65":0,"66":0,"67":0,"68":0,"69":0,"70":13,"71":13,"72":1,"73":0,"74":0,"75":0,"76":0,"77":0},"f":{"0":13,"1":13,"2":0,"3":13,"4":1,"5":0,"6":0,"7":0,"8":0,"9":0,"10":0,"11":0,"12":0,"13":0,"14":0,"15":0,"16":13,"17":1,"18":0,"19":0,"20":0,"21":0,"22":0},"b":{"0":[0,13],"1":[0,0],"2":[0,0],"3":[0,0],"4":[0,0],"5":[0,0],"6":[0,0],"7":[0,0],"8":[0,0],"9":[0,0],"10":[13,0],"11":[13,0,0]},"_coverageSchema":"43e27e138ebf9cfc5966b082cf9a028302ed4184","hash":"e747a1856899092e9553285eff3a305f623fb66e"}
,"C:\\Users\\Ruchi\\Desktop\\EisenVault-Lite\\src\\Components\\Documents\\DocumentViewer\\DocumentViewer.js": {"path":"C:\\Users\\Ruchi\\Desktop\\EisenVault-Lite\\src\\Components\\Documents\\DocumentViewer\\DocumentViewer.js","statementMap":{"0":{"start":{"line":27,"column":3},"end":{"line":31,"column":4}},"1":{"start":{"line":41,"column":36},"end":{"line":41,"column":54}},"2":{"start":{"line":42,"column":2},"end":{"line":45,"column":16}},"3":{"start":{"line":43,"column":4},"end":{"line":44,"column":29}},"4":{"start":{"line":43,"column":18},"end":{"line":43,"column":60}},"5":{"start":{"line":43,"column":35},"end":{"line":43,"column":53}},"6":{"start":{"line":44,"column":9},"end":{"line":44,"column":29}},"7":{"start":{"line":47,"column":16},"end":{"line":47,"column":54}},"8":{"start":{"line":48,"column":2},"end":{"line":54,"column":4}},"9":{"start":{"line":63,"column":2},"end":{"line":74,"column":4}},"10":{"start":{"line":83,"column":44},"end":{"line":83,"column":59}},"11":{"start":{"line":85,"column":17},"end":{"line":85,"column":28}},"12":{"start":{"line":86,"column":18},"end":{"line":86,"column":30}},"13":{"start":{"line":87,"column":17},"end":{"line":87,"column":37}},"14":{"start":{"line":89,"column":18},"end":{"line":89,"column":33}},"15":{"start":{"line":90,"column":13},"end":{"line":90,"column":22}},"16":{"start":{"line":92,"column":16},"end":{"line":92,"column":26}},"17":{"start":{"line":94,"column":21},"end":{"line":94,"column":42}},"18":{"start":{"line":98,"column":4},"end":{"line":98,"column":35}},"19":{"start":{"line":102,"column":26},"end":{"line":102,"column":55}},"20":{"start":{"line":105,"column":30},"end":{"line":105,"column":82}},"21":{"start":{"line":112,"column":2},"end":{"line":115,"column":21}},"22":{"start":{"line":112,"column":44},"end":{"line":112,"column":62}},"23":{"start":{"line":113,"column":7},"end":{"line":115,"column":21}},"24":{"start":{"line":114,"column":2},"end":{"line":114,"column":33}},"25":{"start":{"line":115,"column":7},"end":{"line":115,"column":21}},"26":{"start":{"line":124,"column":2},"end":{"line":124,"column":30}},"27":{"start":{"line":125,"column":4},"end":{"line":136,"column":5}},"28":{"start":{"line":144,"column":4},"end":{"line":158,"column":6}},"29":{"start":{"line":151,"column":20},"end":{"line":151,"column":26}},"30":{"start":{"line":165,"column":19},"end":{"line":185,"column":5}},"31":{"start":{"line":167,"column":8},"end":{"line":184,"column":10}},"32":{"start":{"line":174,"column":26},"end":{"line":174,"column":32}},"33":{"start":{"line":187,"column":0},"end":{"line":219,"column":1}}},"fnMap":{"0":{"name":"ToggleButton","decl":{"start":{"line":25,"column":9},"end":{"line":25,"column":21}},"loc":{"start":{"line":26,"column":1},"end":{"line":32,"column":1}},"line":26},"1":{"name":"AnimatedVisibility","decl":{"start":{"line":40,"column":9},"end":{"line":40,"column":27}},"loc":{"start":{"line":40,"column":51},"end":{"line":55,"column":1}},"line":40},"2":{"name":"(anonymous_2)","decl":{"start":{"line":42,"column":12},"end":{"line":42,"column":13}},"loc":{"start":{"line":42,"column":18},"end":{"line":45,"column":3}},"line":42},"3":{"name":"(anonymous_3)","decl":{"start":{"line":43,"column":29},"end":{"line":43,"column":30}},"loc":{"start":{"line":43,"column":35},"end":{"line":43,"column":53}},"line":43},"4":{"name":"Sidebar","decl":{"start":{"line":62,"column":9},"end":{"line":62,"column":16}},"loc":{"start":{"line":62,"column":27},"end":{"line":75,"column":1}},"line":62},"5":{"name":"DocPreview","decl":{"start":{"line":82,"column":9},"end":{"line":82,"column":19}},"loc":{"start":{"line":82,"column":22},"end":{"line":220,"column":1}},"line":82},"6":{"name":"toggleSidebar","decl":{"start":{"line":97,"column":11},"end":{"line":97,"column":24}},"loc":{"start":{"line":97,"column":27},"end":{"line":99,"column":3}},"line":97},"7":{"name":"Viewer","decl":{"start":{"line":111,"column":9},"end":{"line":111,"column":15}},"loc":{"start":{"line":111,"column":18},"end":{"line":116,"column":1}},"line":111},"8":{"name":"error","decl":{"start":{"line":122,"column":9},"end":{"line":122,"column":14}},"loc":{"start":{"line":122,"column":16},"end":{"line":137,"column":3}},"line":122},"9":{"name":"DisplayUsingOfficeApps","decl":{"start":{"line":143,"column":11},"end":{"line":143,"column":33}},"loc":{"start":{"line":143,"column":36},"end":{"line":159,"column":3}},"line":143},"10":{"name":"(anonymous_10)","decl":{"start":{"line":151,"column":14},"end":{"line":151,"column":15}},"loc":{"start":{"line":151,"column":20},"end":{"line":151,"column":26}},"line":151},"11":{"name":"(anonymous_11)","decl":{"start":{"line":165,"column":19},"end":{"line":165,"column":20}},"loc":{"start":{"line":165,"column":25},"end":{"line":185,"column":5}},"line":165},"12":{"name":"(anonymous_12)","decl":{"start":{"line":174,"column":20},"end":{"line":174,"column":21}},"loc":{"start":{"line":174,"column":26},"end":{"line":174,"column":32}},"line":174}},"branchMap":{"0":{"loc":{"start":{"line":43,"column":4},"end":{"line":44,"column":29}},"type":"if","locations":[{"start":{"line":43,"column":4},"end":{"line":44,"column":29}},{"start":{"line":43,"column":4},"end":{"line":44,"column":29}}],"line":43},"1":{"loc":{"start":{"line":47,"column":16},"end":{"line":47,"column":54}},"type":"cond-expr","locations":[{"start":{"line":47,"column":28},"end":{"line":47,"column":47}},{"start":{"line":47,"column":50},"end":{"line":47,"column":54}}],"line":47},"2":{"loc":{"start":{"line":112,"column":2},"end":{"line":115,"column":21}},"type":"if","locations":[{"start":{"line":112,"column":2},"end":{"line":115,"column":21}},{"start":{"line":112,"column":2},"end":{"line":115,"column":21}}],"line":112},"3":{"loc":{"start":{"line":113,"column":7},"end":{"line":115,"column":21}},"type":"if","locations":[{"start":{"line":113,"column":7},"end":{"line":115,"column":21}},{"start":{"line":113,"column":7},"end":{"line":115,"column":21}}],"line":113}},"s":{"0":1,"1":1,"2":1,"3":1,"4":1,"5":0,"6":0,"7":1,"8":1,"9":1,"10":1,"11":1,"12":1,"13":1,"14":1,"15":1,"16":1,"17":1,"18":0,"19":1,"20":1,"21":1,"22":0,"23":1,"24":0,"25":1,"26":1,"27":1,"28":0,"29":0,"30":1,"31":0,"32":0,"33":1},"f":{"0":1,"1":1,"2":1,"3":0,"4":1,"5":1,"6":0,"7":1,"8":1,"9":0,"10":0,"11":0,"12":0},"b":{"0":[1,0],"1":[1,0],"2":[0,1],"3":[0,1]},"_coverageSchema":"43e27e138ebf9cfc5966b082cf9a028302ed4184","hash":"53c33517e59455ad9eb39c3a115022e493a40791"}
,"C:\\Users\\Ruchi\\Desktop\\EisenVault-Lite\\src\\Components\\Documents\\SubDocument\\SubDocument.js": {"path":"C:\\Users\\Ruchi\\Desktop\\EisenVault-Lite\\src\\Components\\Documents\\SubDocument\\SubDocument.js","statementMap":{"0":{"start":{"line":25,"column":16},"end":{"line":25,"column":28}},"1":{"start":{"line":26,"column":15},"end":{"line":26,"column":26}},"2":{"start":{"line":28,"column":13},"end":{"line":28,"column":22}},"3":{"start":{"line":29,"column":32},"end":{"line":29,"column":50}},"4":{"start":{"line":30,"column":60},"end":{"line":30,"column":72}},"5":{"start":{"line":31,"column":22},"end":{"line":31,"column":33}},"6":{"start":{"line":32,"column":25},"end":{"line":32,"column":37}},"7":{"start":{"line":33,"column":40},"end":{"line":33,"column":52}},"8":{"start":{"line":34,"column":19},"end":{"line":34,"column":31}},"9":{"start":{"line":35,"column":52},"end":{"line":35,"column":64}},"10":{"start":{"line":36,"column":38},"end":{"line":36,"column":49}},"11":{"start":{"line":39,"column":26},"end":{"line":39,"column":52}},"12":{"start":{"line":40,"column":27},"end":{"line":40,"column":57}},"13":{"start":{"line":41,"column":23},"end":{"line":41,"column":73}},"14":{"start":{"line":45,"column":19},"end":{"line":62,"column":3}},"15":{"start":{"line":51,"column":4},"end":{"line":61,"column":5}},"16":{"start":{"line":57,"column":4},"end":{"line":57,"column":44}},"17":{"start":{"line":58,"column":4},"end":{"line":58,"column":62}},"18":{"start":{"line":59,"column":4},"end":{"line":59,"column":58}},"19":{"start":{"line":64,"column":2},"end":{"line":66,"column":10}},"20":{"start":{"line":65,"column":4},"end":{"line":65,"column":13}},"21":{"start":{"line":74,"column":19},"end":{"line":87,"column":7}},"22":{"start":{"line":75,"column":6},"end":{"line":86,"column":37}},"23":{"start":{"line":81,"column":10},"end":{"line":81,"column":39}},"24":{"start":{"line":82,"column":10},"end":{"line":84,"column":13}},"25":{"start":{"line":83,"column":27},"end":{"line":83,"column":54}},"26":{"start":{"line":85,"column":10},"end":{"line":85,"column":20}},"27":{"start":{"line":86,"column":25},"end":{"line":86,"column":35}},"28":{"start":{"line":95,"column":29},"end":{"line":95,"column":38}},"29":{"start":{"line":96,"column":8},"end":{"line":107,"column":16}},"30":{"start":{"line":98,"column":16},"end":{"line":107,"column":15}},"31":{"start":{"line":99,"column":17},"end":{"line":103,"column":58}},"32":{"start":{"line":101,"column":21},"end":{"line":101,"column":55}},"33":{"start":{"line":103,"column":20},"end":{"line":103,"column":57}},"34":{"start":{"line":106,"column":16},"end":{"line":106,"column":51}},"35":{"start":{"line":108,"column":9},"end":{"line":108,"column":63}},"36":{"start":{"line":109,"column":9},"end":{"line":125,"column":12}},"37":{"start":{"line":113,"column":10},"end":{"line":113,"column":50}},"38":{"start":{"line":114,"column":10},"end":{"line":114,"column":64}},"39":{"start":{"line":115,"column":10},"end":{"line":115,"column":66}},"40":{"start":{"line":116,"column":10},"end":{"line":123,"column":12}},"41":{"start":{"line":118,"column":12},"end":{"line":118,"column":70}},"42":{"start":{"line":119,"column":12},"end":{"line":119,"column":62}},"43":{"start":{"line":122,"column":12},"end":{"line":122,"column":61}},"44":{"start":{"line":124,"column":11},"end":{"line":124,"column":40}},"45":{"start":{"line":134,"column":29},"end":{"line":134,"column":38}},"46":{"start":{"line":135,"column":8},"end":{"line":141,"column":7}},"47":{"start":{"line":136,"column":10},"end":{"line":140,"column":47}},"48":{"start":{"line":137,"column":14},"end":{"line":137,"column":51}},"49":{"start":{"line":140,"column":9},"end":{"line":140,"column":46}},"50":{"start":{"line":142,"column":7},"end":{"line":142,"column":57}},"51":{"start":{"line":143,"column":7},"end":{"line":159,"column":13}},"52":{"start":{"line":147,"column":9},"end":{"line":147,"column":49}},"53":{"start":{"line":148,"column":9},"end":{"line":148,"column":63}},"54":{"start":{"line":149,"column":9},"end":{"line":149,"column":65}},"55":{"start":{"line":150,"column":10},"end":{"line":157,"column":12}},"56":{"start":{"line":152,"column":12},"end":{"line":152,"column":70}},"57":{"start":{"line":153,"column":12},"end":{"line":153,"column":66}},"58":{"start":{"line":156,"column":12},"end":{"line":156,"column":65}},"59":{"start":{"line":158,"column":11},"end":{"line":158,"column":43}},"60":{"start":{"line":172,"column":6},"end":{"line":173,"column":39}},"61":{"start":{"line":176,"column":4},"end":{"line":241,"column":11}},"62":{"start":{"line":201,"column":18},"end":{"line":226,"column":24}},"63":{"start":{"line":204,"column":35},"end":{"line":207,"column":35}},"64":{"start":{"line":219,"column":35},"end":{"line":222,"column":90}},"65":{"start":{"line":221,"column":108},"end":{"line":221,"column":132}},"66":{"start":{"line":222,"column":51},"end":{"line":222,"column":80}}},"fnMap":{"0":{"name":"SubDocument","decl":{"start":{"line":24,"column":9},"end":{"line":24,"column":20}},"loc":{"start":{"line":24,"column":22},"end":{"line":242,"column":5}},"line":24},"1":{"name":"(anonymous_1)","decl":{"start":{"line":45,"column":19},"end":{"line":45,"column":20}},"loc":{"start":{"line":45,"column":25},"end":{"line":62,"column":3}},"line":45},"2":{"name":"(anonymous_2)","decl":{"start":{"line":56,"column":18},"end":{"line":56,"column":19}},"loc":{"start":{"line":56,"column":32},"end":{"line":60,"column":5}},"line":56},"3":{"name":"(anonymous_3)","decl":{"start":{"line":64,"column":18},"end":{"line":64,"column":19}},"loc":{"start":{"line":64,"column":22},"end":{"line":66,"column":3}},"line":64},"4":{"name":"(anonymous_4)","decl":{"start":{"line":74,"column":19},"end":{"line":74,"column":20}},"loc":{"start":{"line":74,"column":25},"end":{"line":87,"column":7}},"line":74},"5":{"name":"(anonymous_5)","decl":{"start":{"line":80,"column":13},"end":{"line":80,"column":14}},"loc":{"start":{"line":80,"column":21},"end":{"line":86,"column":12}},"line":80},"6":{"name":"(anonymous_6)","decl":{"start":{"line":83,"column":20},"end":{"line":83,"column":21}},"loc":{"start":{"line":83,"column":26},"end":{"line":83,"column":55}},"line":83},"7":{"name":"(anonymous_7)","decl":{"start":{"line":86,"column":20},"end":{"line":86,"column":21}},"loc":{"start":{"line":86,"column":25},"end":{"line":86,"column":35}},"line":86},"8":{"name":"next","decl":{"start":{"line":94,"column":15},"end":{"line":94,"column":19}},"loc":{"start":{"line":94,"column":21},"end":{"line":126,"column":7}},"line":94},"9":{"name":"(anonymous_9)","decl":{"start":{"line":112,"column":18},"end":{"line":112,"column":19}},"loc":{"start":{"line":112,"column":32},"end":{"line":125,"column":10}},"line":112},"10":{"name":"previous","decl":{"start":{"line":133,"column":15},"end":{"line":133,"column":23}},"loc":{"start":{"line":133,"column":25},"end":{"line":160,"column":8}},"line":133},"11":{"name":"(anonymous_11)","decl":{"start":{"line":146,"column":17},"end":{"line":146,"column":18}},"loc":{"start":{"line":146,"column":31},"end":{"line":159,"column":11}},"line":146},"12":{"name":"handleDocument","decl":{"start":{"line":171,"column":13},"end":{"line":171,"column":27}},"loc":{"start":{"line":171,"column":45},"end":{"line":174,"column":5}},"line":171},"13":{"name":"(anonymous_13)","decl":{"start":{"line":200,"column":34},"end":{"line":200,"column":35}},"loc":{"start":{"line":201,"column":18},"end":{"line":226,"column":24}},"line":201},"14":{"name":"(anonymous_14)","decl":{"start":{"line":204,"column":29},"end":{"line":204,"column":30}},"loc":{"start":{"line":204,"column":35},"end":{"line":207,"column":35}},"line":204},"15":{"name":"(anonymous_15)","decl":{"start":{"line":219,"column":29},"end":{"line":219,"column":30}},"loc":{"start":{"line":219,"column":33},"end":{"line":223,"column":21}},"line":219},"16":{"name":"(anonymous_16)","decl":{"start":{"line":221,"column":101},"end":{"line":221,"column":102}},"loc":{"start":{"line":221,"column":107},"end":{"line":221,"column":133}},"line":221},"17":{"name":"(anonymous_17)","decl":{"start":{"line":222,"column":44},"end":{"line":222,"column":45}},"loc":{"start":{"line":222,"column":50},"end":{"line":222,"column":81}},"line":222}},"branchMap":{"0":{"loc":{"start":{"line":96,"column":8},"end":{"line":107,"column":16}},"type":"if","locations":[{"start":{"line":96,"column":8},"end":{"line":107,"column":16}},{"start":{"line":96,"column":8},"end":{"line":107,"column":16}}],"line":96},"1":{"loc":{"start":{"line":98,"column":16},"end":{"line":107,"column":15}},"type":"if","locations":[{"start":{"line":98,"column":16},"end":{"line":107,"column":15}},{"start":{"line":98,"column":16},"end":{"line":107,"column":15}}],"line":98},"2":{"loc":{"start":{"line":99,"column":17},"end":{"line":103,"column":58}},"type":"if","locations":[{"start":{"line":99,"column":17},"end":{"line":103,"column":58}},{"start":{"line":99,"column":17},"end":{"line":103,"column":58}}],"line":99},"3":{"loc":{"start":{"line":116,"column":10},"end":{"line":123,"column":12}},"type":"if","locations":[{"start":{"line":116,"column":10},"end":{"line":123,"column":12}},{"start":{"line":116,"column":10},"end":{"line":123,"column":12}}],"line":116},"4":{"loc":{"start":{"line":135,"column":8},"end":{"line":141,"column":7}},"type":"if","locations":[{"start":{"line":135,"column":8},"end":{"line":141,"column":7}},{"start":{"line":135,"column":8},"end":{"line":141,"column":7}}],"line":135},"5":{"loc":{"start":{"line":136,"column":10},"end":{"line":140,"column":47}},"type":"if","locations":[{"start":{"line":136,"column":10},"end":{"line":140,"column":47}},{"start":{"line":136,"column":10},"end":{"line":140,"column":47}}],"line":136},"6":{"loc":{"start":{"line":150,"column":10},"end":{"line":157,"column":12}},"type":"if","locations":[{"start":{"line":150,"column":10},"end":{"line":157,"column":12}},{"start":{"line":150,"column":10},"end":{"line":157,"column":12}}],"line":150},"7":{"loc":{"start":{"line":172,"column":6},"end":{"line":173,"column":39}},"type":"cond-expr","locations":[{"start":{"line":172,"column":13},"end":{"line":172,"column":61}},{"start":{"line":173,"column":8},"end":{"line":173,"column":39}}],"line":172},"8":{"loc":{"start":{"line":210,"column":30},"end":{"line":210,"column":64}},"type":"cond-expr","locations":[{"start":{"line":210,"column":47},"end":{"line":210,"column":53}},{"start":{"line":210,"column":56},"end":{"line":210,"column":64}}],"line":210}},"s":{"0":18,"1":18,"2":18,"3":18,"4":18,"5":18,"6":18,"7":18,"8":18,"9":18,"10":18,"11":18,"12":18,"13":18,"14":18,"15":18,"16":0,"17":0,"18":0,"19":18,"20":18,"21":18,"22":0,"23":0,"24":0,"25":0,"26":0,"27":0,"28":0,"29":0,"30":0,"31":0,"32":0,"33":0,"34":0,"35":0,"36":0,"37":0,"38":0,"39":0,"40":0,"41":0,"42":0,"43":0,"44":0,"45":0,"46":0,"47":0,"48":0,"49":0,"50":0,"51":0,"52":0,"53":0,"54":0,"55":0,"56":0,"57":0,"58":0,"59":0,"60":2,"61":18,"62":36,"63":2,"64":0,"65":0,"66":0},"f":{"0":18,"1":18,"2":0,"3":18,"4":0,"5":0,"6":0,"7":0,"8":0,"9":0,"10":0,"11":0,"12":2,"13":36,"14":2,"15":0,"16":0,"17":0},"b":{"0":[0,0],"1":[0,0],"2":[0,0],"3":[0,0],"4":[0,0],"5":[0,0],"6":[0,0],"7":[1,1],"8":[18,18]},"_coverageSchema":"43e27e138ebf9cfc5966b082cf9a028302ed4184","hash":"d193a19987cb9510dcba424f80afda6197f447c9"}
,"C:\\Users\\Ruchi\\Desktop\\EisenVault-Lite\\src\\Components\\Footer\\Footer.js": {"path":"C:\\Users\\Ruchi\\Desktop\\EisenVault-Lite\\src\\Components\\Footer\\Footer.js","statementMap":{"0":{"start":{"line":5,"column":15},"end":{"line":12,"column":1}},"1":{"start":{"line":6,"column":4},"end":{"line":11,"column":15}}},"fnMap":{"0":{"name":"(anonymous_0)","decl":{"start":{"line":5,"column":15},"end":{"line":5,"column":16}},"loc":{"start":{"line":6,"column":4},"end":{"line":11,"column":15}},"line":6}},"branchMap":{},"s":{"0":1,"1":3},"f":{"0":3},"b":{},"_coverageSchema":"43e27e138ebf9cfc5966b082cf9a028302ed4184","hash":"a800fa393cc969fdad13207585856158766f8478"}
,"C:\\Users\\Ruchi\\Desktop\\EisenVault-Lite\\src\\Components\\Login\\Login.js": {"path":"C:\\Users\\Ruchi\\Desktop\\EisenVault-Lite\\src\\Components\\Login\\Login.js","statementMap":{"0":{"start":{"line":16,"column":18},"end":{"line":152,"column":1}},"1":{"start":{"line":17,"column":32},"end":{"line":17,"column":47}},"2":{"start":{"line":18,"column":40},"end":{"line":18,"column":55}},"3":{"start":{"line":19,"column":28},"end":{"line":19,"column":42}},"4":{"start":{"line":20,"column":40},"end":{"line":20,"column":55}},"5":{"start":{"line":22,"column":30},"end":{"line":22,"column":44}},"6":{"start":{"line":24,"column":19},"end":{"line":24,"column":36}},"7":{"start":{"line":25,"column":19},"end":{"line":25,"column":36}},"8":{"start":{"line":26,"column":29},"end":{"line":26,"column":46}},"9":{"start":{"line":29,"column":12},"end":{"line":29,"column":28}},"10":{"start":{"line":32,"column":2},"end":{"line":34,"column":63}},"11":{"start":{"line":37,"column":22},"end":{"line":54,"column":3}},"12":{"start":{"line":38,"column":4},"end":{"line":38,"column":18}},"13":{"start":{"line":40,"column":4},"end":{"line":40,"column":19}},"14":{"start":{"line":41,"column":4},"end":{"line":41,"column":21}},"15":{"start":{"line":43,"column":4},"end":{"line":53,"column":7}},"16":{"start":{"line":45,"column":6},"end":{"line":45,"column":24}},"17":{"start":{"line":46,"column":6},"end":{"line":46,"column":71}},"18":{"start":{"line":47,"column":6},"end":{"line":47,"column":39}},"19":{"start":{"line":49,"column":6},"end":{"line":49,"column":24}},"20":{"start":{"line":50,"column":6},"end":{"line":52,"column":120}},"21":{"start":{"line":50,"column":41},"end":{"line":50,"column":79}},"22":{"start":{"line":52,"column":6},"end":{"line":52,"column":120}},"23":{"start":{"line":56,"column":19},"end":{"line":59,"column":1}},"24":{"start":{"line":57,"column":2},"end":{"line":58,"column":4}},"25":{"start":{"line":63,"column":2},"end":{"line":63,"column":21}},"26":{"start":{"line":64,"column":2},"end":{"line":64,"column":16}},"27":{"start":{"line":65,"column":2},"end":{"line":65,"column":23}},"28":{"start":{"line":67,"column":2},"end":{"line":83,"column":5}},"29":{"start":{"line":69,"column":4},"end":{"line":69,"column":26}},"30":{"start":{"line":70,"column":4},"end":{"line":70,"column":17}},"31":{"start":{"line":72,"column":4},"end":{"line":75,"column":7}},"32":{"start":{"line":74,"column":21},"end":{"line":74,"column":48}},"33":{"start":{"line":76,"column":4},"end":{"line":76,"column":30}},"34":{"start":{"line":77,"column":4},"end":{"line":77,"column":26}},"35":{"start":{"line":79,"column":4},"end":{"line":82,"column":51}},"36":{"start":{"line":80,"column":4},"end":{"line":80,"column":44}},"37":{"start":{"line":82,"column":6},"end":{"line":82,"column":51}},"38":{"start":{"line":86,"column":0},"end":{"line":88,"column":1}},"39":{"start":{"line":87,"column":2},"end":{"line":87,"column":70}},"40":{"start":{"line":91,"column":16},"end":{"line":94,"column":1}},"41":{"start":{"line":92,"column":2},"end":{"line":93,"column":15}},"42":{"start":{"line":93,"column":2},"end":{"line":93,"column":15}},"43":{"start":{"line":97,"column":4},"end":{"line":150,"column":2}},"44":{"start":{"line":134,"column":33},"end":{"line":134,"column":54}},"45":{"start":{"line":143,"column":34},"end":{"line":143,"column":62}},"46":{"start":{"line":166,"column":21},"end":{"line":177,"column":1}},"47":{"start":{"line":167,"column":28},"end":{"line":167,"column":50}},"48":{"start":{"line":169,"column":23},"end":{"line":171,"column":3}},"49":{"start":{"line":170,"column":4},"end":{"line":170,"column":29}},"50":{"start":{"line":173,"column":2},"end":{"line":176,"column":3}}},"fnMap":{"0":{"name":"(anonymous_0)","decl":{"start":{"line":16,"column":18},"end":{"line":16,"column":19}},"loc":{"start":{"line":16,"column":29},"end":{"line":152,"column":1}},"line":16},"1":{"name":"(anonymous_1)","decl":{"start":{"line":37,"column":22},"end":{"line":37,"column":23}},"loc":{"start":{"line":37,"column":28},"end":{"line":54,"column":3}},"line":37},"2":{"name":"(anonymous_2)","decl":{"start":{"line":44,"column":62},"end":{"line":44,"column":63}},"loc":{"start":{"line":44,"column":74},"end":{"line":48,"column":5}},"line":44},"3":{"name":"(anonymous_3)","decl":{"start":{"line":48,"column":13},"end":{"line":48,"column":14}},"loc":{"start":{"line":48,"column":22},"end":{"line":53,"column":5}},"line":48},"4":{"name":"(anonymous_4)","decl":{"start":{"line":56,"column":19},"end":{"line":56,"column":20}},"loc":{"start":{"line":56,"column":23},"end":{"line":59,"column":1}},"line":56},"5":{"name":"HandleForgotPassword","decl":{"start":{"line":62,"column":9},"end":{"line":62,"column":29}},"loc":{"start":{"line":62,"column":32},"end":{"line":84,"column":1}},"line":62},"6":{"name":"(anonymous_6)","decl":{"start":{"line":68,"column":47},"end":{"line":68,"column":48}},"loc":{"start":{"line":68,"column":59},"end":{"line":78,"column":3}},"line":68},"7":{"name":"(anonymous_7)","decl":{"start":{"line":74,"column":14},"end":{"line":74,"column":15}},"loc":{"start":{"line":74,"column":20},"end":{"line":74,"column":49}},"line":74},"8":{"name":"(anonymous_8)","decl":{"start":{"line":78,"column":11},"end":{"line":78,"column":12}},"loc":{"start":{"line":78,"column":18},"end":{"line":83,"column":3}},"line":78},"9":{"name":"(anonymous_9)","decl":{"start":{"line":91,"column":16},"end":{"line":91,"column":17}},"loc":{"start":{"line":91,"column":27},"end":{"line":94,"column":1}},"line":91},"10":{"name":"(anonymous_10)","decl":{"start":{"line":134,"column":27},"end":{"line":134,"column":28}},"loc":{"start":{"line":134,"column":33},"end":{"line":134,"column":54}},"line":134},"11":{"name":"(anonymous_11)","decl":{"start":{"line":143,"column":27},"end":{"line":143,"column":28}},"loc":{"start":{"line":143,"column":33},"end":{"line":143,"column":63}},"line":143},"12":{"name":"(anonymous_12)","decl":{"start":{"line":166,"column":21},"end":{"line":166,"column":22}},"loc":{"start":{"line":166,"column":37},"end":{"line":177,"column":1}},"line":166},"13":{"name":"(anonymous_13)","decl":{"start":{"line":169,"column":23},"end":{"line":169,"column":24}},"loc":{"start":{"line":169,"column":28},"end":{"line":171,"column":3}},"line":169}},"branchMap":{"0":{"loc":{"start":{"line":32,"column":2},"end":{"line":34,"column":63}},"type":"cond-expr","locations":[{"start":{"line":33,"column":2},"end":{"line":33,"column":50}},{"start":{"line":34,"column":2},"end":{"line":34,"column":63}}],"line":32},"1":{"loc":{"start":{"line":50,"column":6},"end":{"line":52,"column":120}},"type":"if","locations":[{"start":{"line":50,"column":6},"end":{"line":52,"column":120}},{"start":{"line":50,"column":6},"end":{"line":52,"column":120}}],"line":50},"2":{"loc":{"start":{"line":79,"column":4},"end":{"line":82,"column":51}},"type":"if","locations":[{"start":{"line":79,"column":4},"end":{"line":82,"column":51}},{"start":{"line":79,"column":4},"end":{"line":82,"column":51}}],"line":79},"3":{"loc":{"start":{"line":86,"column":0},"end":{"line":88,"column":1}},"type":"if","locations":[{"start":{"line":86,"column":0},"end":{"line":88,"column":1}},{"start":{"line":86,"column":0},"end":{"line":88,"column":1}}],"line":86},"4":{"loc":{"start":{"line":92,"column":2},"end":{"line":93,"column":15}},"type":"if","locations":[{"start":{"line":92,"column":2},"end":{"line":93,"column":15}},{"start":{"line":92,"column":2},"end":{"line":93,"column":15}}],"line":92},"5":{"loc":{"start":{"line":121,"column":17},"end":{"line":121,"column":84}},"type":"binary-expr","locations":[{"start":{"line":121,"column":17},"end":{"line":121,"column":22}},{"start":{"line":121,"column":26},"end":{"line":121,"column":84}}],"line":121},"6":{"loc":{"start":{"line":124,"column":23},"end":{"line":124,"column":55}},"type":"cond-expr","locations":[{"start":{"line":124,"column":33},"end":{"line":124,"column":45}},{"start":{"line":124,"column":48},"end":{"line":124,"column":55}}],"line":124},"7":{"loc":{"start":{"line":138,"column":19},"end":{"line":139,"column":40}},"type":"binary-expr","locations":[{"start":{"line":138,"column":19},"end":{"line":138,"column":22}},{"start":{"line":138,"column":26},"end":{"line":139,"column":40}}],"line":138}},"s":{"0":1,"1":3,"2":3,"3":3,"4":3,"5":3,"6":3,"7":3,"8":3,"9":3,"10":3,"11":3,"12":2,"13":2,"14":2,"15":2,"16":0,"17":0,"18":0,"19":0,"20":0,"21":0,"22":0,"23":3,"24":0,"25":0,"26":0,"27":0,"28":0,"29":0,"30":0,"31":0,"32":0,"33":0,"34":0,"35":0,"36":0,"37":0,"38":3,"39":0,"40":3,"41":0,"42":0,"43":3,"44":0,"45":0,"46":1,"47":12,"48":12,"49":6,"50":12},"f":{"0":3,"1":2,"2":0,"3":0,"4":0,"5":0,"6":0,"7":0,"8":0,"9":0,"10":0,"11":0,"12":12,"13":6},"b":{"0":[0,3],"1":[0,0],"2":[0,0],"3":[0,3],"4":[0,0],"5":[3,0],"6":[0,3],"7":[3,0]},"_coverageSchema":"43e27e138ebf9cfc5966b082cf9a028302ed4184","hash":"66069e96e5b713ab534d5f2195f28cb23f062274"}
,"C:\\Users\\Ruchi\\Desktop\\EisenVault-Lite\\src\\Components\\ManageShares\\ManageShares.js": {"path":"C:\\Users\\Ruchi\\Desktop\\EisenVault-Lite\\src\\Components\\ManageShares\\ManageShares.js","statementMap":{"0":{"start":{"line":23,"column":16},"end":{"line":23,"column":28}},"1":{"start":{"line":24,"column":12},"end":{"line":24,"column":13}},"2":{"start":{"line":25,"column":32},"end":{"line":25,"column":50}},"3":{"start":{"line":26,"column":38},"end":{"line":26,"column":56}},"4":{"start":{"line":27,"column":52},"end":{"line":27,"column":64}},"5":{"start":{"line":28,"column":40},"end":{"line":28,"column":52}},"6":{"start":{"line":29,"column":38},"end":{"line":29,"column":50}},"7":{"start":{"line":30,"column":35},"end":{"line":30,"column":47}},"8":{"start":{"line":38,"column":24},"end":{"line":70,"column":3}},"9":{"start":{"line":44,"column":2},"end":{"line":69,"column":3}},"10":{"start":{"line":51,"column":2},"end":{"line":51,"column":42}},"11":{"start":{"line":52,"column":2},"end":{"line":52,"column":59}},"12":{"start":{"line":53,"column":2},"end":{"line":53,"column":57}},"13":{"start":{"line":54,"column":2},"end":{"line":54,"column":58}},"14":{"start":{"line":55,"column":2},"end":{"line":68,"column":6}},"15":{"start":{"line":57,"column":6},"end":{"line":67,"column":43}},"16":{"start":{"line":63,"column":6},"end":{"line":65,"column":71}},"17":{"start":{"line":63,"column":38},"end":{"line":65,"column":70}},"18":{"start":{"line":67,"column":23},"end":{"line":67,"column":41}},"19":{"start":{"line":73,"column":1},"end":{"line":75,"column":5}},"20":{"start":{"line":74,"column":2},"end":{"line":74,"column":19}},"21":{"start":{"line":87,"column":2},"end":{"line":87,"column":50}},"22":{"start":{"line":98,"column":2},"end":{"line":112,"column":3}},"23":{"start":{"line":103,"column":4},"end":{"line":103,"column":33}},"24":{"start":{"line":104,"column":4},"end":{"line":107,"column":7}},"25":{"start":{"line":106,"column":21},"end":{"line":106,"column":48}},"26":{"start":{"line":109,"column":4},"end":{"line":111,"column":5}},"27":{"start":{"line":110,"column":6},"end":{"line":110,"column":38}},"28":{"start":{"line":122,"column":25},"end":{"line":122,"column":34}},"29":{"start":{"line":123,"column":4},"end":{"line":135,"column":4}},"30":{"start":{"line":125,"column":4},"end":{"line":135,"column":3}},"31":{"start":{"line":126,"column":6},"end":{"line":130,"column":46}},"32":{"start":{"line":128,"column":10},"end":{"line":128,"column":44}},"33":{"start":{"line":130,"column":8},"end":{"line":130,"column":45}},"34":{"start":{"line":134,"column":4},"end":{"line":134,"column":39}},"35":{"start":{"line":136,"column":4},"end":{"line":136,"column":58}},"36":{"start":{"line":137,"column":4},"end":{"line":176,"column":9}},"37":{"start":{"line":143,"column":6},"end":{"line":143,"column":46}},"38":{"start":{"line":144,"column":6},"end":{"line":166,"column":8}},"39":{"start":{"line":145,"column":7},"end":{"line":165,"column":44}},"40":{"start":{"line":151,"column":8},"end":{"line":155,"column":14}},"41":{"start":{"line":152,"column":10},"end":{"line":154,"column":13}},"42":{"start":{"line":153,"column":16},"end":{"line":153,"column":29}},"43":{"start":{"line":156,"column":8},"end":{"line":163,"column":9}},"44":{"start":{"line":157,"column":10},"end":{"line":157,"column":60}},"45":{"start":{"line":157,"column":42},"end":{"line":157,"column":59}},"46":{"start":{"line":160,"column":10},"end":{"line":162,"column":43}},"47":{"start":{"line":160,"column":42},"end":{"line":162,"column":42}},"48":{"start":{"line":165,"column":25},"end":{"line":165,"column":43}},"49":{"start":{"line":167,"column":8},"end":{"line":167,"column":64}},"50":{"start":{"line":168,"column":6},"end":{"line":174,"column":7}},"51":{"start":{"line":169,"column":8},"end":{"line":169,"column":66}},"52":{"start":{"line":170,"column":8},"end":{"line":170,"column":58}},"53":{"start":{"line":173,"column":8},"end":{"line":173,"column":57}},"54":{"start":{"line":175,"column":6},"end":{"line":175,"column":35}},"55":{"start":{"line":185,"column":27},"end":{"line":185,"column":36}},"56":{"start":{"line":186,"column":6},"end":{"line":192,"column":5}},"57":{"start":{"line":187,"column":8},"end":{"line":191,"column":44}},"58":{"start":{"line":188,"column":11},"end":{"line":188,"column":48}},"59":{"start":{"line":191,"column":6},"end":{"line":191,"column":43}},"60":{"start":{"line":193,"column":6},"end":{"line":193,"column":56}},"61":{"start":{"line":194,"column":6},"end":{"line":220,"column":11}},"62":{"start":{"line":200,"column":8},"end":{"line":200,"column":48}},"63":{"start":{"line":201,"column":8},"end":{"line":210,"column":10}},"64":{"start":{"line":202,"column":10},"end":{"line":209,"column":47}},"65":{"start":{"line":209,"column":27},"end":{"line":209,"column":45}},"66":{"start":{"line":211,"column":9},"end":{"line":211,"column":65}},"67":{"start":{"line":212,"column":10},"end":{"line":218,"column":11}},"68":{"start":{"line":213,"column":12},"end":{"line":213,"column":70}},"69":{"start":{"line":214,"column":12},"end":{"line":214,"column":66}},"70":{"start":{"line":217,"column":12},"end":{"line":217,"column":65}},"71":{"start":{"line":219,"column":10},"end":{"line":219,"column":42}},"72":{"start":{"line":223,"column":4},"end":{"line":293,"column":15}},"73":{"start":{"line":250,"column":24},"end":{"line":279,"column":30}},"74":{"start":{"line":252,"column":68},"end":{"line":254,"column":45}},"75":{"start":{"line":259,"column":24},"end":{"line":262,"column":30}},"76":{"start":{"line":265,"column":24},"end":{"line":267,"column":30}},"77":{"start":{"line":272,"column":41},"end":{"line":275,"column":84}},"78":{"start":{"line":274,"column":103},"end":{"line":274,"column":127}},"79":{"start":{"line":275,"column":45},"end":{"line":275,"column":74}}},"fnMap":{"0":{"name":"ManageShares","decl":{"start":{"line":22,"column":9},"end":{"line":22,"column":21}},"loc":{"start":{"line":22,"column":23},"end":{"line":294,"column":15}},"line":22},"1":{"name":"(anonymous_1)","decl":{"start":{"line":38,"column":24},"end":{"line":38,"column":25}},"loc":{"start":{"line":38,"column":30},"end":{"line":70,"column":3}},"line":38},"2":{"name":"(anonymous_2)","decl":{"start":{"line":50,"column":9},"end":{"line":50,"column":10}},"loc":{"start":{"line":50,"column":23},"end":{"line":69,"column":1}},"line":50},"3":{"name":"(anonymous_3)","decl":{"start":{"line":55,"column":37},"end":{"line":55,"column":38}},"loc":{"start":{"line":55,"column":40},"end":{"line":68,"column":5}},"line":55},"4":{"name":"(anonymous_4)","decl":{"start":{"line":62,"column":13},"end":{"line":62,"column":14}},"loc":{"start":{"line":62,"column":27},"end":{"line":66,"column":5}},"line":62},"5":{"name":"(anonymous_5)","decl":{"start":{"line":63,"column":22},"end":{"line":63,"column":23}},"loc":{"start":{"line":63,"column":38},"end":{"line":65,"column":70}},"line":63},"6":{"name":"(anonymous_6)","decl":{"start":{"line":67,"column":13},"end":{"line":67,"column":14}},"loc":{"start":{"line":67,"column":23},"end":{"line":67,"column":41}},"line":67},"7":{"name":"(anonymous_7)","decl":{"start":{"line":73,"column":17},"end":{"line":73,"column":18}},"loc":{"start":{"line":73,"column":21},"end":{"line":75,"column":1}},"line":73},"8":{"name":"handleDocument","decl":{"start":{"line":86,"column":9},"end":{"line":86,"column":23}},"loc":{"start":{"line":86,"column":33},"end":{"line":88,"column":1}},"line":86},"9":{"name":"handleDelete","decl":{"start":{"line":97,"column":9},"end":{"line":97,"column":21}},"loc":{"start":{"line":97,"column":25},"end":{"line":113,"column":1}},"line":97},"10":{"name":"(anonymous_10)","decl":{"start":{"line":102,"column":13},"end":{"line":102,"column":14}},"loc":{"start":{"line":102,"column":25},"end":{"line":108,"column":3}},"line":102},"11":{"name":"(anonymous_11)","decl":{"start":{"line":106,"column":14},"end":{"line":106,"column":15}},"loc":{"start":{"line":106,"column":20},"end":{"line":106,"column":49}},"line":106},"12":{"name":"(anonymous_12)","decl":{"start":{"line":108,"column":11},"end":{"line":108,"column":12}},"loc":{"start":{"line":108,"column":20},"end":{"line":112,"column":1}},"line":108},"13":{"name":"next","decl":{"start":{"line":120,"column":11},"end":{"line":120,"column":15}},"loc":{"start":{"line":120,"column":17},"end":{"line":177,"column":3}},"line":120},"14":{"name":"(anonymous_14)","decl":{"start":{"line":142,"column":11},"end":{"line":142,"column":12}},"loc":{"start":{"line":142,"column":25},"end":{"line":176,"column":7}},"line":142},"15":{"name":"(anonymous_15)","decl":{"start":{"line":144,"column":41},"end":{"line":144,"column":42}},"loc":{"start":{"line":144,"column":44},"end":{"line":166,"column":7}},"line":144},"16":{"name":"(anonymous_16)","decl":{"start":{"line":150,"column":15},"end":{"line":150,"column":16}},"loc":{"start":{"line":150,"column":29},"end":{"line":164,"column":7}},"line":150},"17":{"name":"(anonymous_17)","decl":{"start":{"line":151,"column":25},"end":{"line":151,"column":26}},"loc":{"start":{"line":151,"column":30},"end":{"line":155,"column":13}},"line":151},"18":{"name":"(anonymous_18)","decl":{"start":{"line":157,"column":26},"end":{"line":157,"column":27}},"loc":{"start":{"line":157,"column":42},"end":{"line":157,"column":59}},"line":157},"19":{"name":"(anonymous_19)","decl":{"start":{"line":160,"column":26},"end":{"line":160,"column":27}},"loc":{"start":{"line":160,"column":42},"end":{"line":162,"column":42}},"line":160},"20":{"name":"(anonymous_20)","decl":{"start":{"line":165,"column":15},"end":{"line":165,"column":16}},"loc":{"start":{"line":165,"column":25},"end":{"line":165,"column":43}},"line":165},"21":{"name":"previous","decl":{"start":{"line":184,"column":13},"end":{"line":184,"column":21}},"loc":{"start":{"line":184,"column":23},"end":{"line":221,"column":5}},"line":184},"22":{"name":"(anonymous_22)","decl":{"start":{"line":199,"column":13},"end":{"line":199,"column":14}},"loc":{"start":{"line":199,"column":27},"end":{"line":220,"column":9}},"line":199},"23":{"name":"(anonymous_23)","decl":{"start":{"line":201,"column":43},"end":{"line":201,"column":44}},"loc":{"start":{"line":201,"column":46},"end":{"line":210,"column":9}},"line":201},"24":{"name":"(anonymous_24)","decl":{"start":{"line":207,"column":17},"end":{"line":207,"column":18}},"loc":{"start":{"line":207,"column":31},"end":{"line":208,"column":9}},"line":207},"25":{"name":"(anonymous_25)","decl":{"start":{"line":209,"column":17},"end":{"line":209,"column":18}},"loc":{"start":{"line":209,"column":27},"end":{"line":209,"column":45}},"line":209},"26":{"name":"(anonymous_26)","decl":{"start":{"line":249,"column":38},"end":{"line":249,"column":39}},"loc":{"start":{"line":250,"column":24},"end":{"line":279,"column":30}},"line":250},"27":{"name":"(anonymous_27)","decl":{"start":{"line":252,"column":62},"end":{"line":252,"column":63}},"loc":{"start":{"line":252,"column":68},"end":{"line":254,"column":45}},"line":252},"28":{"name":"(anonymous_28)","decl":{"start":{"line":258,"column":40},"end":{"line":258,"column":41}},"loc":{"start":{"line":259,"column":24},"end":{"line":262,"column":30}},"line":259},"29":{"name":"(anonymous_29)","decl":{"start":{"line":264,"column":42},"end":{"line":264,"column":43}},"loc":{"start":{"line":265,"column":24},"end":{"line":267,"column":30}},"line":265},"30":{"name":"(anonymous_30)","decl":{"start":{"line":272,"column":35},"end":{"line":272,"column":36}},"loc":{"start":{"line":272,"column":39},"end":{"line":276,"column":15}},"line":272},"31":{"name":"(anonymous_31)","decl":{"start":{"line":274,"column":96},"end":{"line":274,"column":97}},"loc":{"start":{"line":274,"column":102},"end":{"line":274,"column":128}},"line":274},"32":{"name":"(anonymous_32)","decl":{"start":{"line":275,"column":38},"end":{"line":275,"column":39}},"loc":{"start":{"line":275,"column":44},"end":{"line":275,"column":75}},"line":275}},"branchMap":{"0":{"loc":{"start":{"line":109,"column":4},"end":{"line":111,"column":5}},"type":"if","locations":[{"start":{"line":109,"column":4},"end":{"line":111,"column":5}},{"start":{"line":109,"column":4},"end":{"line":111,"column":5}}],"line":109},"1":{"loc":{"start":{"line":123,"column":4},"end":{"line":135,"column":4}},"type":"if","locations":[{"start":{"line":123,"column":4},"end":{"line":135,"column":4}},{"start":{"line":123,"column":4},"end":{"line":135,"column":4}}],"line":123},"2":{"loc":{"start":{"line":125,"column":4},"end":{"line":135,"column":3}},"type":"if","locations":[{"start":{"line":125,"column":4},"end":{"line":135,"column":3}},{"start":{"line":125,"column":4},"end":{"line":135,"column":3}}],"line":125},"3":{"loc":{"start":{"line":126,"column":6},"end":{"line":130,"column":46}},"type":"if","locations":[{"start":{"line":126,"column":6},"end":{"line":130,"column":46}},{"start":{"line":126,"column":6},"end":{"line":130,"column":46}}],"line":126},"4":{"loc":{"start":{"line":152,"column":10},"end":{"line":154,"column":13}},"type":"if","locations":[{"start":{"line":152,"column":10},"end":{"line":154,"column":13}},{"start":{"line":152,"column":10},"end":{"line":154,"column":13}}],"line":152},"5":{"loc":{"start":{"line":156,"column":8},"end":{"line":163,"column":9}},"type":"if","locations":[{"start":{"line":156,"column":8},"end":{"line":163,"column":9}},{"start":{"line":156,"column":8},"end":{"line":163,"column":9}}],"line":156},"6":{"loc":{"start":{"line":168,"column":6},"end":{"line":174,"column":7}},"type":"if","locations":[{"start":{"line":168,"column":6},"end":{"line":174,"column":7}},{"start":{"line":168,"column":6},"end":{"line":174,"column":7}}],"line":168},"7":{"loc":{"start":{"line":186,"column":6},"end":{"line":192,"column":5}},"type":"if","locations":[{"start":{"line":186,"column":6},"end":{"line":192,"column":5}},{"start":{"line":186,"column":6},"end":{"line":192,"column":5}}],"line":186},"8":{"loc":{"start":{"line":187,"column":8},"end":{"line":191,"column":44}},"type":"if","locations":[{"start":{"line":187,"column":8},"end":{"line":191,"column":44}},{"start":{"line":187,"column":8},"end":{"line":191,"column":44}}],"line":187},"9":{"loc":{"start":{"line":212,"column":10},"end":{"line":218,"column":11}},"type":"if","locations":[{"start":{"line":212,"column":10},"end":{"line":218,"column":11}},{"start":{"line":212,"column":10},"end":{"line":218,"column":11}}],"line":212},"10":{"loc":{"start":{"line":259,"column":24},"end":{"line":262,"column":30}},"type":"cond-expr","locations":[{"start":{"line":261,"column":26},"end":{"line":261,"column":147}},{"start":{"line":262,"column":26},"end":{"line":262,"column":30}}],"line":259},"11":{"loc":{"start":{"line":261,"column":74},"end":{"line":261,"column":141}},"type":"cond-expr","locations":[{"start":{"line":261,"column":98},"end":{"line":261,"column":133}},{"start":{"line":261,"column":137},"end":{"line":261,"column":141}}],"line":261},"12":{"loc":{"start":{"line":265,"column":24},"end":{"line":267,"column":30}},"type":"cond-expr","locations":[{"start":{"line":266,"column":26},"end":{"line":266,"column":142}},{"start":{"line":267,"column":26},"end":{"line":267,"column":30}}],"line":265},"13":{"loc":{"start":{"line":266,"column":74},"end":{"line":266,"column":136}},"type":"cond-expr","locations":[{"start":{"line":266,"column":96},"end":{"line":266,"column":129}},{"start":{"line":266,"column":132},"end":{"line":266,"column":136}}],"line":266}},"s":{"0":15,"1":15,"2":15,"3":15,"4":15,"5":15,"6":15,"7":15,"8":15,"9":15,"10":0,"11":0,"12":0,"13":0,"14":0,"15":0,"16":0,"17":0,"18":0,"19":15,"20":15,"21":1,"22":0,"23":0,"24":0,"25":0,"26":0,"27":0,"28":0,"29":0,"30":0,"31":0,"32":0,"33":0,"34":0,"35":0,"36":0,"37":0,"38":0,"39":0,"40":0,"41":0,"42":0,"43":0,"44":0,"45":0,"46":0,"47":0,"48":0,"49":0,"50":0,"51":0,"52":0,"53":0,"54":0,"55":0,"56":0,"57":0,"58":0,"59":0,"60":0,"61":0,"62":0,"63":0,"64":0,"65":0,"66":0,"67":0,"68":0,"69":0,"70":0,"71":0,"72":15,"73":15,"74":1,"75":15,"76":15,"77":0,"78":0,"79":0},"f":{"0":15,"1":15,"2":0,"3":0,"4":0,"5":0,"6":0,"7":15,"8":1,"9":0,"10":0,"11":0,"12":0,"13":0,"14":0,"15":0,"16":0,"17":0,"18":0,"19":0,"20":0,"21":0,"22":0,"23":0,"24":0,"25":0,"26":15,"27":1,"28":15,"29":15,"30":0,"31":0,"32":0},"b":{"0":[0,0],"1":[0,0],"2":[0,0],"3":[0,0],"4":[0,0],"5":[0,0],"6":[0,0],"7":[0,0],"8":[0,0],"9":[0,0],"10":[15,0],"11":[15,0],"12":[15,0],"13":[15,0]},"_coverageSchema":"43e27e138ebf9cfc5966b082cf9a028302ed4184","hash":"ecbb00f1dd16be38fa7f28afef44592c29fad443"}
,"C:\\Users\\Ruchi\\Desktop\\EisenVault-Lite\\src\\Components\\MobileMenu\\drawerToggleButton.js": {"path":"C:\\Users\\Ruchi\\Desktop\\EisenVault-Lite\\src\\Components\\MobileMenu\\drawerToggleButton.js","statementMap":{"0":{"start":{"line":11,"column":34},"end":{"line":18,"column":1}},"1":{"start":{"line":12,"column":2},"end":{"line":17,"column":11}}},"fnMap":{"0":{"name":"(anonymous_0)","decl":{"start":{"line":11,"column":34},"end":{"line":11,"column":35}},"loc":{"start":{"line":12,"column":2},"end":{"line":17,"column":11}},"line":12}},"branchMap":{},"s":{"0":0,"1":0},"f":{"0":0},"b":{},"hash":"864dc3bab2e75ef1c8d15b366437bc7777c26d0a"}
,"C:\\Users\\Ruchi\\Desktop\\EisenVault-Lite\\src\\Components\\MobileMenu\\MobileSidebar\\Sidedrawer.js": {"path":"C:\\Users\\Ruchi\\Desktop\\EisenVault-Lite\\src\\Components\\MobileMenu\\MobileSidebar\\Sidedrawer.js","statementMap":{"0":{"start":{"line":27,"column":17},"end":{"line":152,"column":1}},"1":{"start":{"line":28,"column":18},"end":{"line":28,"column":30}},"2":{"start":{"line":29,"column":32},"end":{"line":29,"column":47}},"3":{"start":{"line":30,"column":28},"end":{"line":30,"column":42}},"4":{"start":{"line":35,"column":23},"end":{"line":46,"column":4}},"5":{"start":{"line":36,"column":5},"end":{"line":45,"column":12}},"6":{"start":{"line":40,"column":8},"end":{"line":40,"column":26}},"7":{"start":{"line":41,"column":8},"end":{"line":41,"column":26}},"8":{"start":{"line":43,"column":10},"end":{"line":44,"column":129}},"9":{"start":{"line":43,"column":45},"end":{"line":43,"column":83}},"10":{"start":{"line":44,"column":15},"end":{"line":44,"column":129}},"11":{"start":{"line":48,"column":20},"end":{"line":48,"column":33}},"12":{"start":{"line":49,"column":2},"end":{"line":51,"column":3}},"13":{"start":{"line":50,"column":4},"end":{"line":50,"column":37}},"14":{"start":{"line":53,"column":15},"end":{"line":53,"column":24}},"15":{"start":{"line":55,"column":4},"end":{"line":150,"column":10}}},"fnMap":{"0":{"name":"(anonymous_0)","decl":{"start":{"line":27,"column":17},"end":{"line":27,"column":18}},"loc":{"start":{"line":27,"column":26},"end":{"line":152,"column":1}},"line":27},"1":{"name":"(anonymous_1)","decl":{"start":{"line":35,"column":23},"end":{"line":35,"column":24}},"loc":{"start":{"line":35,"column":29},"end":{"line":46,"column":4}},"line":35},"2":{"name":"(anonymous_2)","decl":{"start":{"line":39,"column":14},"end":{"line":39,"column":15}},"loc":{"start":{"line":39,"column":26},"end":{"line":42,"column":7}},"line":39},"3":{"name":"(anonymous_3)","decl":{"start":{"line":42,"column":15},"end":{"line":42,"column":16}},"loc":{"start":{"line":42,"column":24},"end":{"line":45,"column":7}},"line":42}},"branchMap":{"0":{"loc":{"start":{"line":43,"column":10},"end":{"line":44,"column":129}},"type":"if","locations":[{"start":{"line":43,"column":10},"end":{"line":44,"column":129}},{"start":{"line":43,"column":10},"end":{"line":44,"column":129}}],"line":43},"1":{"loc":{"start":{"line":49,"column":2},"end":{"line":51,"column":3}},"type":"if","locations":[{"start":{"line":49,"column":2},"end":{"line":51,"column":3}},{"start":{"line":49,"column":2},"end":{"line":51,"column":3}}],"line":49},"2":{"loc":{"start":{"line":143,"column":17},"end":{"line":143,"column":50}},"type":"binary-expr","locations":[{"start":{"line":143,"column":17},"end":{"line":143,"column":31}},{"start":{"line":143,"column":35},"end":{"line":143,"column":50}}],"line":143}},"s":{"0":1,"1":1,"2":1,"3":1,"4":1,"5":0,"6":0,"7":0,"8":0,"9":0,"10":0,"11":1,"12":1,"13":0,"14":1,"15":1},"f":{"0":1,"1":0,"2":0,"3":0},"b":{"0":[0,0],"1":[0,1],"2":[1,0]},"_coverageSchema":"43e27e138ebf9cfc5966b082cf9a028302ed4184","hash":"25bc1a0297588ab0cef46b5ecd58e61c9ea745ae"}
,"C:\\Users\\Ruchi\\Desktop\\EisenVault-Lite\\src\\Components\\Modal\\Modal.js": {"path":"C:\\Users\\Ruchi\\Desktop\\EisenVault-Lite\\src\\Components\\Modal\\Modal.js","statementMap":{"0":{"start":{"line":12,"column":13},"end":{"line":21,"column":3}},"1":{"start":{"line":13,"column":2},"end":{"line":20,"column":14}}},"fnMap":{"0":{"name":"(anonymous_0)","decl":{"start":{"line":12,"column":13},"end":{"line":12,"column":14}},"loc":{"start":{"line":13,"column":2},"end":{"line":20,"column":14}},"line":13}},"branchMap":{"0":{"loc":{"start":{"line":17,"column":18},"end":{"line":17,"column":69}},"type":"cond-expr","locations":[{"start":{"line":17,"column":31},"end":{"line":17,"column":46}},{"start":{"line":17,"column":49},"end":{"line":17,"column":69}}],"line":17},"1":{"loc":{"start":{"line":18,"column":16},"end":{"line":18,"column":37}},"type":"cond-expr","locations":[{"start":{"line":18,"column":29},"end":{"line":18,"column":32}},{"start":{"line":18,"column":34},"end":{"line":18,"column":37}}],"line":18}},"s":{"0":3,"1":1},"f":{"0":1},"b":{"0":[0,1],"1":[0,1]},"_coverageSchema":"43e27e138ebf9cfc5966b082cf9a028302ed4184","hash":"630db5898874e7d865a726d6d5dc554e96a0b353"}
,"C:\\Users\\Ruchi\\Desktop\\EisenVault-Lite\\src\\Components\\Modal\\modalSummary\\ModalSummary.js": {"path":"C:\\Users\\Ruchi\\Desktop\\EisenVault-Lite\\src\\Components\\Modal\\modalSummary\\ModalSummary.js","statementMap":{"0":{"start":{"line":4,"column":30},"end":{"line":37,"column":1}},"1":{"start":{"line":5,"column":2},"end":{"line":36,"column":3}},"2":{"start":{"line":39,"column":32},"end":{"line":79,"column":1}},"3":{"start":{"line":40,"column":2},"end":{"line":78,"column":3}}},"fnMap":{"0":{"name":"(anonymous_0)","decl":{"start":{"line":4,"column":30},"end":{"line":4,"column":31}},"loc":{"start":{"line":4,"column":39},"end":{"line":37,"column":1}},"line":4},"1":{"name":"(anonymous_1)","decl":{"start":{"line":39,"column":32},"end":{"line":39,"column":33}},"loc":{"start":{"line":39,"column":43},"end":{"line":79,"column":1}},"line":39}},"branchMap":{"0":{"loc":{"start":{"line":29,"column":11},"end":{"line":30,"column":66}},"type":"cond-expr","locations":[{"start":{"line":30,"column":11},"end":{"line":30,"column":54}},{"start":{"line":30,"column":58},"end":{"line":30,"column":65}}],"line":29}},"s":{"0":2,"1":0,"2":2,"3":0},"f":{"0":0,"1":0},"b":{"0":[0,0]},"_coverageSchema":"43e27e138ebf9cfc5966b082cf9a028302ed4184","hash":"0af96d060c861d59bfc2b9b52be6e1be5d55e839"}
,"C:\\Users\\Ruchi\\Desktop\\EisenVault-Lite\\src\\Components\\MoreDetails\\FullAuditTrails.js": {"path":"C:\\Users\\Ruchi\\Desktop\\EisenVault-Lite\\src\\Components\\MoreDetails\\FullAuditTrails.js","statementMap":{"0":{"start":{"line":8,"column":18},"end":{"line":8,"column":30}},"1":{"start":{"line":9,"column":17},"end":{"line":9,"column":28}},"2":{"start":{"line":10,"column":52},"end":{"line":10,"column":64}},"3":{"start":{"line":12,"column":18},"end":{"line":12,"column":30}},"4":{"start":{"line":14,"column":17},"end":{"line":14,"column":37}},"5":{"start":{"line":15,"column":18},"end":{"line":15,"column":33}},"6":{"start":{"line":16,"column":13},"end":{"line":16,"column":22}},"7":{"start":{"line":17,"column":4},"end":{"line":17,"column":23}},"8":{"start":{"line":19,"column":4},"end":{"line":36,"column":12}},"9":{"start":{"line":19,"column":21},"end":{"line":36,"column":6}},"10":{"start":{"line":26,"column":27},"end":{"line":26,"column":40}},"11":{"start":{"line":27,"column":14},"end":{"line":27,"column":35}},"12":{"start":{"line":29,"column":8},"end":{"line":35,"column":11}},"13":{"start":{"line":30,"column":12},"end":{"line":34,"column":13}},"14":{"start":{"line":38,"column":4},"end":{"line":64,"column":9}},"15":{"start":{"line":42,"column":31},"end":{"line":42,"column":47}},"16":{"start":{"line":55,"column":16},"end":{"line":59,"column":21}}},"fnMap":{"0":{"name":"FullAudittrails","decl":{"start":{"line":7,"column":9},"end":{"line":7,"column":24}},"loc":{"start":{"line":7,"column":27},"end":{"line":65,"column":1}},"line":7},"1":{"name":"(anonymous_1)","decl":{"start":{"line":19,"column":14},"end":{"line":19,"column":15}},"loc":{"start":{"line":19,"column":20},"end":{"line":36,"column":7}},"line":19},"2":{"name":"(anonymous_2)","decl":{"start":{"line":25,"column":18},"end":{"line":25,"column":19}},"loc":{"start":{"line":25,"column":30},"end":{"line":36,"column":5}},"line":25},"3":{"name":"(anonymous_3)","decl":{"start":{"line":29,"column":58},"end":{"line":29,"column":59}},"loc":{"start":{"line":29,"column":61},"end":{"line":35,"column":9}},"line":29},"4":{"name":"(anonymous_4)","decl":{"start":{"line":42,"column":25},"end":{"line":42,"column":26}},"loc":{"start":{"line":42,
[...]
n":63}},{"start":{"line":296,"column":66},"end":{"line":296,"column":97}}],"line":296},"11":{"loc":{"start":{"line":340,"column":22},"end":{"line":342,"column":23}},"type":"if","locations":[{"start":{"line":340,"column":22},"end":{"line":342,"column":23}},{"start":{"line":340,"column":22},"end":{"line":342,"column":23}}],"line":340},"12":{"loc":{"start":{"line":351,"column":27},"end":{"line":351,"column":53}},"type":"cond-expr","locations":[{"start":{"line":351,"column":36},"end":{"line":351,"column":42}},{"start":{"line":351,"column":45},"end":{"line":351,"column":53}}],"line":351}},"s":{"0":0,"1":0,"2":0,"3":0,"4":0,"5":0,"6":0,"7":0,"8":0,"9":0,"10":0,"11":0,"12":0,"13":0,"14":0,"15":0,"16":0,"17":0,"18":0,"19":0,"20":0,"21":0,"22":0,"23":0,"24":0,"25":0,"26":0,"27":0,"28":0,"29":0,"30":0,"31":0,"32":0,"33":0,"34":0,"35":0,"36":0,"37":0,"38":0,"39":0,"40":0,"41":0,"42":0,"43":0,"44":0,"45":0,"46":0,"47":0,"48":0,"49":0,"50":0,"51":0,"52":0,"53":0,"54":0,"55":0,"56":0,"57":0,"58":0,"59":0,"60":0,"61":0,"62":0,"63":0,"64":0,"65":0,"66":0,"67":0,"68":0,"69":0,"70":0,"71":0,"72":0,"73":0,"74":0,"75":0,"76":0,"77":0,"78":0,"79":0,"80":0,"81":0,"82":0,"83":0,"84":0,"85":0,"86":0,"87":0,"88":0,"89":0,"90":0,"91":0,"92":0,"93":0,"94":0,"95":0,"96":0,"97":0,"98":0,"99":0,"100":0,"101":0,"102":0,"103":0,"104":0,"105":0,"106":0,"107":0,"108":0,"109":0,"110":0,"111":0,"112":0,"113":0,"114":0,"115":0,"116":0,"117":0,"118":0,"119":0,"120":0,"121":0},"f":{"0":0,"1":0,"2":0,"3":0,"4":0,"5":0,"6":0,"7":0,"8":0,"9":0,"10":0,"11":0,"12":0,"13":0,"14":0,"15":0,"16":0,"17":0,"18":0,"19":0,"20":0,"21":0,"22":0,"23":0,"24":0,"25":0,"26":0,"27":0,"28":0,"29":0,"30":0,"31":0,"32":0,"33":0,"34":0,"35":0,"36":0,"37":0,"38":0,"39":0,"40":0,"41":0,"42":0,"43":0,"44":0,"45":0,"46":0,"47":0,"48":0,"49":0,"50":0,"51":0},"b":{"0":[0,0],"1":[0,0],"2":[0,0],"3":[0,0],"4":[0,0],"5":[0,0],"6":[0,0],"7":[0,0],"8":[0,0],"9":[0,0],"10":[0,0],"11":[0,0],"12":[0,0]},"hash":"e3c116939b6098fc94c19503e71aab53ade280cf"}
,"C:\\Users\\Ruchi\\Desktop\\EisenVault-Lite\\src\\Components\\UI\\popup.js": {"path":"C:\\Users\\Ruchi\\Desktop\\EisenVault-Lite\\src\\Components\\UI\\popup.js","statementMap":{"0":{"start":{"line":21,"column":24},"end":{"line":79,"column":3}},"1":{"start":{"line":22,"column":4},"end":{"line":78,"column":12}},"2":{"start":{"line":26,"column":8},"end":{"line":77,"column":31}},"3":{"start":{"line":36,"column":28},"end":{"line":36,"column":35}},"4":{"start":{"line":37,"column":70},"end":{"line":37,"column":98}},"5":{"start":{"line":49,"column":28},"end":{"line":49,"column":35}},"6":{"start":{"line":50,"column":71},"end":{"line":50,"column":97}},"7":{"start":{"line":57,"column":10},"end":{"line":63,"column":126}},"8":{"start":{"line":62,"column":28},"end":{"line":62,"column":35}},"9":{"start":{"line":63,"column":70},"end":{"line":63,"column":99}},"10":{"start":{"line":74,"column":28},"end":{"line":74,"column":35}},"11":{"start":{"line":76,"column":71},"end":{"line":76,"column":98}}},"fnMap":{"0":{"name":"(anonymous_0)","decl":{"start":{"line":21,"column":24},"end":{"line":21,"column":25}},"loc":{"start":{"line":22,"column":4},"end":{"line":78,"column":12}},"line":22},"1":{"name":"(anonymous_1)","decl":{"start":{"line":25,"column":28},"end":{"line":25,"column":29}},"loc":{"start":{"line":26,"column":8},"end":{"line":77,"column":31}},"line":26},"2":{"name":"(anonymous_2)","decl":{"start":{"line":36,"column":23},"end":{"line":36,"column":24}},"loc":{"start":{"line":36,"column":27},"end":{"line":36,"column":36}},"line":36},"3":{"name":"(anonymous_3)","decl":{"start":{"line":37,"column":60},"end":{"line":37,"column":61}},"loc":{"start":{"line":37,"column":69},"end":{"line":37,"column":99}},"line":37},"4":{"name":"(anonymous_4)","decl":{"start":{"line":49,"column":23},"end":{"line":49,"column":24}},"loc":{"start":{"line":49,"column":27},"end":{"line":49,"column":36}},"line":49},"5":{"name":"(anonymous_5)","decl":{"start":{"line":50,"column":60},"end":{"line":50,"column":61}},"loc":{"start":{"line":50,"column":70},"end":{"line":50,"column":98}},"line":50},"6":{"name":"(anonymous_6)","decl":{"start":{"line":56,"column":13},"end":{"line":56,"column":14}},"loc":{"start":{"line":57,"column":10},"end":{"line":63,"column":126}},"line":57},"7":{"name":"(anonymous_7)","decl":{"start":{"line":62,"column":23},"end":{"line":62,"column":24}},"loc":{"start":{"line":62,"column":27},"end":{"line":62,"column":36}},"line":62},"8":{"name":"(anonymous_8)","decl":{"start":{"line":63,"column":60},"end":{"line":63,"column":61}},"loc":{"start":{"line":63,"column":69},"end":{"line":63,"column":100}},"line":63},"9":{"name":"(anonymous_9)","decl":{"start":{"line":74,"column":23},"end":{"line":74,"column":24}},"loc":{"start":{"line":74,"column":27},"end":{"line":74,"column":36}},"line":74},"10":{"name":"(anonymous_10)","decl":{"start":{"line":76,"column":60},"end":{"line":76,"column":61}},"loc":{"start":{"line":76,"column":70},"end":{"line":76,"column":99}},"line":76}},"branchMap":{},"s":{"0":0,"1":0,"2":0,"3":0,"4":0,"5":0,"6":0,"7":0,"8":0,"9":0,"10":0,"11":0},"f":{"0":0,"1":0,"2":0,"3":0,"4":0,"5":0,"6":0,"7":0,"8":0,"9":0,"10":0},"b":{},"hash":"ef720438d6e4b14ba8b544e37f9374d1b9c73c4a"}
,"C:\\Users\\Ruchi\\Desktop\\EisenVault-Lite\\src\\Components\\UI\\uploadPopups.js": {"path":"C:\\Users\\Ruchi\\Desktop\\EisenVault-Lite\\src\\Components\\UI\\uploadPopups.js","statementMap":{"0":{"start":{"line":18,"column":31},"end":{"line":51,"column":7}},"1":{"start":{"line":19,"column":4},"end":{"line":50,"column":19}},"2":{"start":{"line":23,"column":8},"end":{"line":49,"column":17}},"3":{"start":{"line":33,"column":28},"end":{"line":33,"column":35}},"4":{"start":{"line":34,"column":70},"end":{"line":34,"column":92}},"5":{"start":{"line":46,"column":28},"end":{"line":46,"column":35}},"6":{"start":{"line":47,"column":70},"end":{"line":47,"column":95}}},"fnMap":{"0":{"name":"(anonymous_0)","decl":{"start":{"line":18,"column":31},"end":{"line":18,"column":32}},"loc":{"start":{"line":19,"column":4},"end":{"line":50,"column":19}},"line":19},"1":{"name":"(anonymous_1)","decl":{"start":{"line":22,"column":28},"end":{"line":22,"column":29}},"loc":{"start":{"line":23,"column":8},"end":{"line":49,"column":17}},"line":23},"2":{"name":"(anonymous_2)","decl":{"start":{"line":33,"column":23},"end":{"line":33,"column":24}},"loc":{"start":{"line":33,"column":27},"end":{"line":33,"column":36}},"line":33},"3":{"name":"(anonymous_3)","decl":{"start":{"line":34,"column":60},"end":{"line":34,"column":61}},"loc":{"start":{"line":34,"column":69},"end":{"line":34,"column":93}},"line":34},"4":{"name":"(anonymous_4)","decl":{"start":{"line":46,"column":23},"end":{"line":46,"column":24}},"loc":{"start":{"line":46,"column":27},"end":{"line":46,"column":36}},"line":46},"5":{"name":"(anonymous_5)","decl":{"start":{"line":47,"column":60},"end":{"line":47,"column":61}},"loc":{"start":{"line":47,"column":69},"end":{"line":47,"column":96}},"line":47}},"branchMap":{},"s":{"0":0,"1":0,"2":0,"3":0,"4":0,"5":0,"6":0},"f":{"0":0,"1":0,"2":0,"3":0,"4":0,"5":0},"b":{},"hash":"20f58d4e07daa7aab956e70b3924c7d78956f513"}
,"C:\\Users\\Ruchi\\Desktop\\EisenVault-Lite\\src\\Components\\backButton\\backButton.js": {"path":"C:\\Users\\Ruchi\\Desktop\\EisenVault-Lite\\src\\Components\\backButton\\backButton.js","statementMap":{"0":{"start":{"line":11,"column":20},"end":{"line":21,"column":1}},"1":{"start":{"line":12,"column":18},"end":{"line":12,"column":30}},"2":{"start":{"line":14,"column":4},"end":{"line":20,"column":6}},"3":{"start":{"line":16,"column":33},"end":{"line":16,"column":49}}},"fnMap":{"0":{"name":"(anonymous_0)","decl":{"start":{"line":11,"column":20},"end":{"line":11,"column":21}},"loc":{"start":{"line":11,"column":26},"end":{"line":21,"column":1}},"line":11},"1":{"name":"(anonymous_1)","decl":{"start":{"line":16,"column":27},"end":{"line":16,"column":28}},"loc":{"start":{"line":16,"column":33},"end":{"line":16,"column":49}},"line":16}},"branchMap":{},"s":{"0":4,"1":2,"2":2,"3":0},"f":{"0":2,"1":0},"b":{},"_coverageSchema":"43e27e138ebf9cfc5966b082cf9a028302ed4184","hash":"f25ba58fc1faf3035a019c6dd9836f2eade06c46"}
,"C:\\Users\\Ruchi\\Desktop\\EisenVault-Lite\\src\\Containers\\App.js": {"path":"C:\\Users\\Ruchi\\Desktop\\EisenVault-Lite\\src\\Containers\\App.js","statementMap":{"0":{"start":{"line":7,"column":12},"end":{"line":15,"column":1}},"1":{"start":{"line":8,"column":2},"end":{"line":14,"column":3}}},"fnMap":{"0":{"name":"(anonymous_0)","decl":{"start":{"line":7,"column":12},"end":{"line":7,"column":13}},"loc":{"start":{"line":7,"column":18},"end":{"line":15,"column":1}},"line":7}},"branchMap":{},"s":{"0":0,"1":0},"f":{"0":0},"b":{},"hash":"632c1af8c8791fe9c508fc2ab1c8dde4ebcce465"}
,"C:\\Users\\Ruchi\\Desktop\\EisenVault-Lite\\src\\Containers\\Routings.js": {"path":"C:\\Users\\Ruchi\\Desktop\\EisenVault-Lite\\src\\Containers\\Routings.js","statementMap":{"0":{"start":{"line":27,"column":17},"end":{"line":104,"column":1}},"1":{"start":{"line":28,"column":40},"end":{"line":28,"column":54}},"2":{"start":{"line":29,"column":42},"end":{"line":29,"column":57}},"3":{"start":{"line":31,"column":2},"end":{"line":36,"column":4}},"4":{"start":{"line":32,"column":18},"end":{"line":32,"column":28}},"5":{"start":{"line":33,"column":4},"end":{"line":35,"column":5}},"6":{"start":{"line":34,"column":6},"end":{"line":34,"column":13}},"7":{"start":{"line":38,"column":2},"end":{"line":46,"column":11}},"8":{"start":{"line":42,"column":4},"end":{"line":42,"column":26}},"9":{"start":{"line":44,"column":6},"end":{"line":44,"column":24}},"10":{"start":{"line":45,"column":6},"end":{"line":45,"column":28}},"11":{"start":{"line":48,"column":2},"end":{"line":50,"column":3}},"12":{"start":{"line":49,"column":4},"end":{"line":49,"column":68}},"13":{"start":{"line":52,"column":32},"end":{"line":56,"column":3}},"14":{"start":{"line":53,"column":4},"end":{"line":55,"column":6}},"15":{"start":{"line":54,"column":6},"end":{"line":54,"column":56}},"16":{"start":{"line":58,"column":27},"end":{"line":60,"column":3}},"17":{"start":{"line":59,"column":4},"end":{"line":59,"column":29}},"18":{"start":{"line":63,"column":4},"end":{"line":65,"column":5}},"19":{"start":{"line":64,"column":6},"end":{"line":64,"column":60}},"20":{"start":{"line":67,"column":2},"end":{"line":102,"column":3}}},"fnMap":{"0":{"name":"(anonymous_0)","decl":{"start":{"line":27,"column":29},"end":{"line":27,"column":30}},"loc":{"start":{"line":27,"column":53},"end":{"line":103,"column":1}},"line":27},"1":{"name":"(anonymous_1)","decl":{"start":{"line":31,"column":12},"end":{"line":31,"column":13}},"loc":{"start":{"line":31,"column":18},"end":{"line":36,"column":3}},"line":31},"2":{"name":"(anonymous_2)","decl":{"start":{"line":41,"column":10},"end":{"line":41,"column":11}},"loc":{"start":{"line":41,"column":22},"end":{"line":43,"column":3}},"line":41},"3":{"name":"(anonymous_3)","decl":{"start":{"line":43,"column":11},"end":{"line":43,"column":12}},"loc":{"start":{"line":43,"column":20},"end":{"line":46,"column":5}},"line":43},"4":{"name":"(anonymous_4)","decl":{"start":{"line":52,"column":32},"end":{"line":52,"column":33}},"loc":{"start":{"line":52,"column":36},"end":{"line":56,"column":3}},"line":52},"5":{"name":"(anonymous_5)","decl":{"start":{"line":53,"column":22},"end":{"line":53,"column":23}},"loc":{"start":{"line":53,"column":35},"end":{"line":55,"column":5}},"line":53},"6":{"name":"(anonymous_6)","decl":{"start":{"line":58,"column":27},"end":{"line":58,"column":28}},"loc":{"start":{"line":58,"column":31},"end":{"line":60,"column":3}},"line":58}},"branchMap":{"0":{"loc":{"start":{"line":33,"column":4},"end":{"line":35,"column":5}},"type":"if","locations":[{"start":{"line":33,"column":4},"end":{"line":35,"column":5}},{"start":{"line":33,"column":4},"end":{"line":35,"column":5}}],"line":33},"1":{"loc":{"start":{"line":48,"column":2},"end":{"line":50,"column":3}},"type":"if","locations":[{"start":{"line":48,"column":2},"end":{"line":50,"column":3}},{"start":{"line":48,"column":2},"end":{"line":50,"column":3}}],"line":48},"2":{"loc":{"start":{"line":48,"column":6},"end":{"line":48,"column":31}},"type":"binary-expr","locations":[{"start":{"line":48,"column":6},"end":{"line":48,"column":17}},{"start":{"line":48,"column":21},"end":{"line":48,"column":31}}],"line":48},"3":{"loc":{"start":{"line":63,"column":4},"end":{"line":65,"column":5}},"type":"if","locations":[{"start":{"line":63,"column":4},"end":{"line":65,"column":5}},{"start":{"line":63,"column":4},"end":{"line":65,"column":5}}],"line":63},"4":{"loc":{"start":{"line":73,"column":7},"end":{"line":73,"column":50}},"type":"cond-expr","locations":[{"start":{"line":73,"column":35},"end":{"line":73,"column":43}},{"start":{"line":73,"column":46},"end":{"line":73,"column":50}}],"line":73},"5":{"loc":{"start":{"line":74,"column":7},"end":{"line":74,"column":100}},"type":"binary-expr","locations":[{"start":{"line":74,"column":7},"end":{"line":74,"column":32}},{"start":{"line":74,"column":36},"end":{"line":74,"column":100}}],"line":74},"6":{"loc":{"start":{"line":76,"column":7},"end":{"line":76,"column":105}},"type":"binary-expr","locations":[{"start":{"line":76,"column":7},"end":{"line":76,"column":32}},{"start":{"line":76,"column":36},"end":{"line":76,"column":105}}],"line":76},"7":{"loc":{"start":{"line":80,"column":9},"end":{"line":80,"column":57}},"type":"binary-expr","locations":[{"start":{"line":80,"column":9},"end":{"line":80,"column":34}},{"start":{"line":80,"column":38},"end":{"line":80,"column":57}}],"line":80},"8":{"loc":{"start":{"line":97,"column":9},"end":{"line":97,"column":49}},"type":"binary-expr","locations":[{"start":{"line":97,"column":9},"end":{"line":97,"column":34}},{"start":{"line":97,"column":39},"end":{"line":97,"column":49}}],"line":97}},"s":{"0":0,"1":0,"2":0,"3":0,"4":0,"5":0,"6":0,"7":0,"8":0,"9":0,"10":0,"11":0,"12":0,"13":0,"14":0,"15":0,"16":0,"17":0,"18":0,"19":0,"20":0},"f":{"0":0,"1":0,"2":0,"3":0,"4":0,"5":0,"6":0},"b":{"0":[0,0],"1":[0,0],"2":[0,0],"3":[0,0],"4":[0,0],"5":[0,0],"6":[0,0],"7":[0,0],"8":[0,0]},"hash":"1cf73b82de4775b5332a63e9d771e76cfff13825"}
,"C:\\Users\\Ruchi\\Desktop\\EisenVault-Lite\\src\\Utils\\Common.js": {"path":"C:\\Users\\Ruchi\\Desktop\\EisenVault-Lite\\src\\Utils\\Common.js","statementMap":{"0":{"start":{"line":4,"column":30},"end":{"line":7,"column":3}},"1":{"start":{"line":5,"column":2},"end":{"line":5,"column":33}},"2":{"start":{"line":6,"column":2},"end":{"line":6,"column":41}},"3":{"start":{"line":10,"column":22},"end":{"line":12,"column":1}},"4":{"start":{"line":11,"column":2},"end":{"line":11,"column":35}},"5":{"start":{"line":15,"column":25},"end":{"line":17,"column":3}},"6":{"start":{"line":16,"column":4},"end":{"line":16,"column":42}},"7":{"start":{"line":20,"column":24},"end":{"line":22,"column":3}},"8":{"start":{"line":21,"column":4},"end":{"line":21,"column":38}},"9":{"start":{"line":25,"column":26},"end":{"line":27,"column":3}},"10":{"start":{"line":26,"column":4},"end":{"line":26,"column":38}},"11":{"start":{"line":30,"column":33},"end":{"line":34,"column":3}},"12":{"start":{"line":31,"column":4},"end":{"line":31,"column":35}},"13":{"start":{"line":32,"column":4},"end":{"line":32,"column":34}},"14":{"start":{"line":33,"column":4},"end":{"line":33,"column":38}}},"fnMap":{"0":{"name":"(anonymous_0)","decl":{"start":{"line":4,"column":30},"end":{"line":4,"column":31}},"loc":{"start":{"line":4,"column":46},"end":{"line":7,"column":3}},"line":4},"1":{"name":"(anonymous_1)","decl":{"start":{"line":10,"column":22},"end":{"line":10,"column":23}},"loc":{"start":{"line":10,"column":31},"end":{"line":12,"column":1}},"line":10},"2":{"name":"(anonymous_2)","decl":{"start":{"line":15,"column":25},"end":{"line":15,"column":26}},"loc":{"start":{"line":15,"column":31},"end":{"line":17,"column":3}},"line":15},"3":{"name":"(anonymous_3)","decl":{"start":{"line":20,"column":24},"end":{"line":20,"column":25}},"loc":{"start":{"line":20,"column":30},"end":{"line":22,"column":3}},"line":20},"4":{"name":"(anonymous_4)","decl":{"start":{"line":25,"column":26},"end":{"line":25,"column":27}},"loc":{"start":{"line":25,"column":32},"end":{"line":27,"column":3}},"line":25},"5":{"name":"(anonymous_5)","decl":{"start":{"line":30,"column":33},"end":{"line":30,"column":34}},"loc":{"start":{"line":30,"column":39},"end":{"line":34,"column":3}},"line":30}},"branchMap":{},"s":{"0":13,"1":0,"2":0,"3":13,"4":2,"5":13,"6":34,"7":13,"8":78,"9":13,"10":75,"11":13,"12":0,"13":0,"14":0},"f":{"0":0,"1":2,"2":34,"3":78,"4":75,"5":0},"b":{},"_coverageSchema":"43e27e138ebf9cfc5966b082cf9a028302ed4184","hash":"ca538ebc6d8cfb3c465ce3ec4a249fa88cefcf25"}
,"C:\\Users\\Ruchi\\Desktop\\EisenVault-Lite\\src\\Utils\\LoadingIndicator.js": {"path":"C:\\Users\\Ruchi\\Desktop\\EisenVault-Lite\\src\\Utils\\LoadingIndicator.js","statementMap":{"0":{"start":{"line":5,"column":25},"end":{"line":22,"column":1}},"1":{"start":{"line":6,"column":34},"end":{"line":6,"column":53}},"2":{"start":{"line":7,"column":4},"end":{"line":21,"column":6}}},"fnMap":{"0":{"name":"(anonymous_0)","decl":{"start":{"line":5,"column":25},"end":{"line":5,"column":26}},"loc":{"start":{"line":5,"column":36},"end":{"line":22,"column":1}},"line":5}},"branchMap":{"0":{"loc":{"start":{"line":9,"column":8},"end":{"line":20,"column":10}},"type":"binary-expr","locations":[{"start":{"line":9,"column":8},"end":{"line":9,"column":25}},{"start":{"line":10,"column":8},"end":{"line":20,"column":10}}],"line":9}},"s":{"0":6,"1":8,"2":8},"f":{"0":8},"b":{"0":[8,3]},"_coverageSchema":"43e27e138ebf9cfc5966b082cf9a028302ed4184","hash":"7d4afe5e13bfdb4489c82aadba8dd47972c46a65"}
,"C:\\Users\\Ruchi\\Desktop\\EisenVault-Lite\\src\\Utils\\PrivateRoutes.js": {"path":"C:\\Users\\Ruchi\\Desktop\\EisenVault-Lite\\src\\Utils\\PrivateRoutes.js","statementMap":{"0":{"start":{"line":7,"column":2},"end":{"line":13,"column":3}},"1":{"start":{"line":10,"column":25},"end":{"line":11,"column":74}}},"fnMap":{"0":{"name":"PrivateRoute","decl":{"start":{"line":6,"column":9},"end":{"line":6,"column":21}},"loc":{"start":{"line":6,"column":57},"end":{"line":14,"column":1}},"line":6},"1":{"name":"(anonymous_1)","decl":{"start":{"line":10,"column":14},"end":{"line":10,"column":15}},"loc":{"start":{"line":10,"column":25},"end":{"line":11,"column":74}},"line":10}},"branchMap":{"0":{"loc":{"start":{"line":10,"column":25},"end":{"line":11,"column":74}},"type":"cond-expr","locations":[{"start":{"line":10,"column":38},"end":{"line":10,"column":62}},{"start":{"line":11,"column":6},"end":{"line":11,"column":74}}],"line":10}},"s":{"0":0,"1":0},"f":{"0":0,"1":0},"b":{"0":[0,0]},"hash":"061157f32929c9b4af1447bbdd540a78a16e7db9"}
,"C:\\Users\\Ruchi\\Desktop\\EisenVault-Lite\\src\\hoc\\Auxiliary.js": {"path":"C:\\Users\\Ruchi\\Desktop\\EisenVault-Lite\\src\\hoc\\Auxiliary.js","statementMap":{"0":{"start":{"line":7,"column":16},"end":{"line":7,"column":39}},"1":{"start":{"line":7,"column":25},"end":{"line":7,"column":39}}},"fnMap":{"0":{"name":"(anonymous_0)","decl":{"start":{"line":7,"column":16},"end":{"line":7,"column":17}},"loc":{"start":{"line":7,"column":25},"end":{"line":7,"column":39}},"line":7}},"branchMap":{},"s":{"0":4,"1":0},"f":{"0":0},"b":{},"_coverageSchema":"43e27e138ebf9cfc5966b082cf9a028302ed4184","hash":"8f3314aef3162a487b27c66e9b23767d611ae3c1"}
,"C:\\Users\\Ruchi\\Desktop\\EisenVault-Lite\\src\\test\\testUtils.js": {"path":"C:\\Users\\Ruchi\\Desktop\\EisenVault-Lite\\src\\test\\testUtils.js","statementMap":{"0":{"start":{"line":7,"column":30},"end":{"line":9,"column":1}},"1":{"start":{"line":8,"column":4},"end":{"line":8,"column":47}}},"fnMap":{"0":{"name":"(anonymous_0)","decl":{"start":{"line":7,"column":30},"end":{"line":7,"column":31}},"loc":{"start":{"line":7,"column":48},"end":{"line":9,"column":1}},"line":7}},"branchMap":{},"s":{"0":1,"1":0},"f":{"0":0},"b":{},"_coverageSchema":"43e27e138ebf9cfc5966b082cf9a028302ed4184","hash":"12c36626b52f3f726e948daf6765261a5fcaca23"}
}
